<?xml version="1.0" encoding="UTF-8"?>
<coverage generated="1783443407062" clover="3.2.0">
  <project timestamp="1783443407062" name="All files">
    <metrics statements="333" coveredstatements="276" conditionals="183" coveredconditionals="154" methods="88" coveredmethods="64" elements="604" coveredelements="494" complexity="0" loc="333" ncloc="333" packages="1" files="1" classes="1"/>
    <file name="utils.js" path="/home/daoneill/src/xdock/utils.js">
      <metrics statements="333" coveredstatements="276" conditionals="183" coveredconditionals="154" methods="88" coveredmethods="64"/>
      <line num="22" count="2" type="stmt"/>
      <line num="24" count="2" type="stmt"/>
      <line num="26" count="2" type="stmt"/>
      <line num="28" count="2" type="stmt"/>
      <line num="29" count="0" type="stmt"/>
      <line num="31" count="2" type="stmt"/>
      <line num="36" count="2" type="stmt"/>
      <line num="42" count="2" type="stmt"/>
      <line num="44" count="0" type="stmt"/>
      <line num="48" count="34" type="stmt"/>
      <line num="50" count="34" type="cond" truecount="2" falsecount="0"/>
      <line num="51" count="5" type="cond" truecount="2" falsecount="0"/>
      <line num="52" count="1" type="stmt"/>
      <line num="54" count="4" type="cond" truecount="2" falsecount="2"/>
      <line num="56" count="4" type="stmt"/>
      <line num="57" count="4" type="stmt"/>
      <line num="65" count="28" type="stmt"/>
      <line num="69" count="35" type="stmt"/>
      <line num="70" count="27" type="stmt"/>
      <line num="74" count="34" type="stmt"/>
      <line num="75" count="34" type="stmt"/>
      <line num="77" count="34" type="stmt"/>
      <line num="81" count="2" type="stmt"/>
      <line num="82" count="2" type="stmt"/>
      <line num="86" count="2" type="stmt"/>
      <line num="87" count="2" type="stmt"/>
      <line num="91" count="36" type="cond" truecount="2" falsecount="0"/>
      <line num="92" count="1" type="stmt"/>
      <line num="94" count="35" type="stmt"/>
      <line num="95" count="53" type="cond" truecount="2" falsecount="0"/>
      <line num="96" count="9" type="stmt"/>
      <line num="98" count="35" type="cond" truecount="2" falsecount="0"/>
      <line num="99" count="29" type="stmt"/>
      <line num="102" count="35" type="stmt"/>
      <line num="103" count="36" type="cond" truecount="2" falsecount="0"/>
      <line num="104" count="1" type="stmt"/>
      <line num="105" count="35" type="stmt"/>
      <line num="106" count="35" type="stmt"/>
      <line num="107" count="35" type="stmt"/>
      <line num="109" count="4" type="stmt"/>
      <line num="115" count="33" type="stmt"/>
      <line num="116" count="33" type="stmt"/>
      <line num="120" count="3" type="cond" truecount="2" falsecount="0"/>
      <line num="124" count="3" type="cond" truecount="2" falsecount="0"/>
      <line num="128" count="0" type="stmt"/>
      <line num="129" count="0" type="stmt"/>
      <line num="130" count="0" type="cond" truecount="0" falsecount="2"/>
      <line num="131" count="0" type="stmt"/>
      <line num="132" count="0" type="stmt"/>
      <line num="133" count="0" type="stmt"/>
      <line num="147" count="0" type="stmt"/>
      <line num="156" count="0" type="stmt"/>
      <line num="165" count="0" type="stmt"/>
      <line num="174" count="0" type="stmt"/>
      <line num="178" count="0" type="cond" truecount="0" falsecount="2"/>
      <line num="179" count="0" type="stmt"/>
      <line num="181" count="0" type="cond" truecount="0" falsecount="2"/>
      <line num="182" count="0" type="stmt"/>
      <line num="184" count="0" type="stmt"/>
      <line num="193" count="29" type="cond" truecount="2" falsecount="0"/>
      <line num="194" count="1" type="stmt"/>
      <line num="196" count="28" type="stmt"/>
      <line num="197" count="28" type="cond" truecount="2" falsecount="0"/>
      <line num="199" count="28" type="cond" truecount="2" falsecount="0"/>
      <line num="200" count="1" type="stmt"/>
      <line num="205" count="27" type="stmt"/>
      <line num="206" count="27" type="stmt"/>
      <line num="208" count="27" type="cond" truecount="4" falsecount="0"/>
      <line num="209" count="3" type="stmt"/>
      <line num="210" count="3" type="stmt"/>
      <line num="211" count="2" type="stmt"/>
      <line num="212" count="2" type="stmt"/>
      <line num="215" count="27" type="stmt"/>
      <line num="217" count="27" type="cond" truecount="4" falsecount="0"/>
      <line num="218" count="2" type="stmt"/>
      <line num="219" count="2" type="stmt"/>
      <line num="220" count="1" type="stmt"/>
      <line num="223" count="27" type="stmt"/>
      <line num="227" count="2" type="stmt"/>
      <line num="228" count="2" type="stmt"/>
      <line num="229" count="5" type="cond" truecount="2" falsecount="0"/>
      <line num="230" count="1" type="stmt"/>
      <line num="231" count="4" type="stmt"/>
      <line num="232" count="4" type="stmt"/>
      <line num="237" count="27" type="stmt"/>
      <line num="238" count="27" type="stmt"/>
      <line num="242" count="2" type="stmt"/>
      <line num="244" count="2" type="cond" truecount="2" falsecount="0"/>
      <line num="245" count="1" type="stmt"/>
      <line num="249" count="2" type="stmt"/>
      <line num="251" count="2" type="cond" truecount="2" falsecount="0"/>
      <line num="252" count="1" type="stmt"/>
      <line num="264" count="7" type="stmt"/>
      <line num="266" count="7" type="stmt"/>
      <line num="267" count="7" type="stmt"/>
      <line num="268" count="7" type="stmt"/>
      <line num="270" count="7" type="stmt"/>
      <line num="275" count="26" type="stmt"/>
      <line num="276" count="26" type="stmt"/>
      <line num="277" count="12" type="stmt"/>
      <line num="278" count="26" type="stmt"/>
      <line num="287" count="17" type="cond" truecount="2" falsecount="0"/>
      <line num="288" count="5" type="stmt"/>
      <line num="291" count="17" type="stmt"/>
      <line num="292" count="17" type="stmt"/>
      <line num="293" count="17" type="stmt"/>
      <line num="294" count="17" type="stmt"/>
      <line num="296" count="17" type="cond" truecount="2" falsecount="0"/>
      <line num="297" count="7" type="stmt"/>
      <line num="298" count="7" type="stmt"/>
      <line num="299" count="7" type="stmt"/>
      <line num="300" count="10" type="cond" truecount="2" falsecount="0"/>
      <line num="301" count="3" type="stmt"/>
      <line num="302" count="3" type="stmt"/>
      <line num="303" count="3" type="stmt"/>
      <line num="304" count="7" type="cond" truecount="2" falsecount="0"/>
      <line num="305" count="1" type="stmt"/>
      <line num="306" count="1" type="stmt"/>
      <line num="307" count="1" type="stmt"/>
      <line num="308" count="6" type="cond" truecount="2" falsecount="0"/>
      <line num="309" count="2" type="stmt"/>
      <line num="310" count="2" type="stmt"/>
      <line num="311" count="2" type="stmt"/>
      <line num="312" count="4" type="cond" truecount="2" falsecount="0"/>
      <line num="313" count="3" type="stmt"/>
      <line num="314" count="3" type="stmt"/>
      <line num="315" count="3" type="stmt"/>
      <line num="317" count="1" type="stmt"/>
      <line num="318" count="1" type="stmt"/>
      <line num="319" count="1" type="stmt"/>
      <line num="322" count="17" type="stmt"/>
      <line num="335" count="10" type="cond" truecount="2" falsecount="0"/>
      <line num="336" count="1" type="stmt"/>
      <line num="340" count="10" type="stmt"/>
      <line num="341" count="10" type="stmt"/>
      <line num="342" count="10" type="stmt"/>
      <line num="344" count="10" type="cond" truecount="2" falsecount="0"/>
      <line num="345" count="3" type="stmt"/>
      <line num="346" count="7" type="cond" truecount="2" falsecount="0"/>
      <line num="347" count="2" type="stmt"/>
      <line num="348" count="5" type="cond" truecount="2" falsecount="0"/>
      <line num="349" count="2" type="stmt"/>
      <line num="351" count="3" type="stmt"/>
      <line num="353" count="10" type="stmt"/>
      <line num="354" count="10" type="stmt"/>
      <line num="355" count="10" type="cond" truecount="2" falsecount="0"/>
      <line num="356" count="9" type="stmt"/>
      <line num="358" count="1" type="stmt"/>
      <line num="360" count="10" type="stmt"/>
      <line num="374" count="3" type="stmt"/>
      <line num="376" count="3" type="cond" truecount="2" falsecount="0"/>
      <line num="377" count="1" type="stmt"/>
      <line num="379" count="2" type="stmt"/>
      <line num="380" count="1" type="stmt"/>
      <line num="382" count="2" type="stmt"/>
      <line num="386" count="2" type="stmt"/>
      <line num="387" count="2" type="stmt"/>
      <line num="397" count="0" type="stmt"/>
      <line num="398" count="0" type="cond" truecount="0" falsecount="2"/>
      <line num="399" count="0" type="stmt"/>
      <line num="400" count="0" type="stmt"/>
      <line num="401" count="0" type="stmt"/>
      <line num="405" count="0" type="stmt"/>
      <line num="406" count="0" type="stmt"/>
      <line num="407" count="0" type="stmt"/>
      <line num="411" count="0" type="stmt"/>
      <line num="413" count="0" type="stmt"/>
      <line num="414" count="0" type="stmt"/>
      <line num="416" count="0" type="stmt"/>
      <line num="419" count="0" type="stmt"/>
      <line num="425" count="0" type="cond" truecount="0" falsecount="4"/>
      <line num="426" count="0" type="stmt"/>
      <line num="428" count="0" type="stmt"/>
      <line num="438" count="3" type="stmt"/>
      <line num="439" count="3" type="stmt"/>
      <line num="443" count="3" type="cond" truecount="4" falsecount="0"/>
      <line num="444" count="1" type="stmt"/>
      <line num="446" count="2" type="stmt"/>
      <line num="447" count="2" type="cond" truecount="2" falsecount="0"/>
      <line num="450" count="2" type="stmt"/>
      <line num="455" count="2" type="stmt"/>
      <line num="459" count="2" type="stmt"/>
      <line num="460" count="2" type="cond" truecount="2" falsecount="0"/>
      <line num="461" count="1" type="stmt"/>
      <line num="463" count="1" type="stmt"/>
      <line num="471" count="7" type="stmt"/>
      <line num="472" count="7" type="cond" truecount="2" falsecount="0"/>
      <line num="473" count="4" type="cond" truecount="2" falsecount="0"/>
      <line num="474" count="1" type="stmt"/>
      <line num="475" count="3" type="cond" truecount="2" falsecount="0"/>
      <line num="476" count="1" type="stmt"/>
      <line num="478" count="5" type="stmt"/>
      <line num="485" count="5" type="stmt"/>
      <line num="486" count="5" type="cond" truecount="2" falsecount="0"/>
      <line num="487" count="4" type="cond" truecount="2" falsecount="0"/>
      <line num="488" count="1" type="stmt"/>
      <line num="489" count="3" type="cond" truecount="2" falsecount="0"/>
      <line num="490" count="1" type="stmt"/>
      <line num="492" count="3" type="stmt"/>
      <line num="507" count="10" type="cond" truecount="2" falsecount="0"/>
      <line num="508" count="1" type="stmt"/>
      <line num="509" count="1" type="stmt"/>
      <line num="512" count="10" type="stmt"/>
      <line num="514" count="10" type="cond" truecount="2" falsecount="0"/>
      <line num="515" count="10" type="cond" truecount="2" falsecount="0"/>
      <line num="517" count="10" type="stmt"/>
      <line num="518" count="10" type="stmt"/>
      <line num="519" count="10" type="cond" truecount="2" falsecount="0"/>
      <line num="520" count="3" type="stmt"/>
      <line num="522" count="7" type="stmt"/>
      <line num="523" count="10" type="stmt"/>
      <line num="524" count="10" type="cond" truecount="2" falsecount="0"/>
      <line num="525" count="3" type="stmt"/>
      <line num="527" count="7" type="stmt"/>
      <line num="528" count="10" type="stmt"/>
      <line num="530" count="10" type="cond" truecount="2" falsecount="0"/>
      <line num="531" count="3" type="stmt"/>
      <line num="532" count="3" type="stmt"/>
      <line num="534" count="10" type="cond" truecount="2" falsecount="0"/>
      <line num="535" count="3" type="stmt"/>
      <line num="536" count="10" type="stmt"/>
      <line num="548" count="8" type="cond" truecount="2" falsecount="0"/>
      <line num="549" count="1" type="stmt"/>
      <line num="551" count="7" type="stmt"/>
      <line num="552" count="7" type="stmt"/>
      <line num="553" count="7" type="stmt"/>
      <line num="554" count="7" type="stmt"/>
      <line num="555" count="14" type="stmt"/>
      <line num="556" count="14" type="stmt"/>
      <line num="557" count="12" type="stmt"/>
      <line num="558" count="12" type="stmt"/>
      <line num="559" count="12" type="cond" truecount="2" falsecount="0"/>
      <line num="560" count="7" type="stmt"/>
      <line num="569" count="3" type="stmt"/>
      <line num="570" count="3" type="stmt"/>
      <line num="571" count="3" type="stmt"/>
      <line num="572" count="3" type="stmt"/>
      <line num="574" count="3" type="stmt"/>
      <line num="575" count="3" type="stmt"/>
      <line num="576" count="4" type="stmt"/>
      <line num="577" count="4" type="cond" truecount="2" falsecount="0"/>
      <line num="578" count="2" type="stmt"/>
      <line num="582" count="3" type="stmt"/>
      <line num="592" count="15" type="cond" truecount="2" falsecount="0"/>
      <line num="593" count="2" type="cond" truecount="2" falsecount="0"/>
      <line num="594" count="1" type="stmt"/>
      <line num="595" count="1" type="stmt"/>
      <line num="598" count="13" type="stmt"/>
      <line num="599" count="13" type="stmt"/>
      <line num="601" count="26" type="stmt"/>
      <line num="602" count="13" type="stmt"/>
      <line num="603" count="13" type="cond" truecount="2" falsecount="0"/>
      <line num="604" count="4" type="cond" truecount="2" falsecount="0"/>
      <line num="605" count="2" type="stmt"/>
      <line num="606" count="2" type="stmt"/>
      <line num="609" count="9" type="cond" truecount="2" falsecount="0"/>
      <line num="610" count="8" type="cond" truecount="4" falsecount="0"/>
      <line num="611" count="1" type="stmt"/>
      <line num="612" count="7" type="cond" truecount="4" falsecount="0"/>
      <line num="613" count="1" type="stmt"/>
      <line num="615" count="6" type="stmt"/>
      <line num="616" count="12" type="stmt"/>
      <line num="617" count="6" type="stmt"/>
      <line num="620" count="1" type="stmt"/>
      <line num="630" count="9" type="stmt"/>
      <line num="631" count="9" type="stmt"/>
      <line num="632" count="9" type="stmt"/>
      <line num="634" count="9" type="cond" truecount="4" falsecount="0"/>
      <line num="635" count="1" type="stmt"/>
      <line num="636" count="8" type="cond" truecount="4" falsecount="0"/>
      <line num="637" count="1" type="stmt"/>
      <line num="639" count="7" type="stmt"/>
      <line num="640" count="7" type="stmt"/>
      <line num="642" count="7" type="cond" truecount="4" falsecount="0"/>
      <line num="643" count="2" type="stmt"/>
      <line num="644" count="5" type="cond" truecount="4" falsecount="0"/>
      <line num="645" count="1" type="stmt"/>
      <line num="647" count="4" type="stmt"/>
      <line num="650" count="2" type="stmt"/>
      <line num="660" count="0" type="cond" truecount="0" falsecount="4"/>
      <line num="661" count="0" type="stmt"/>
      <line num="663" count="0" type="stmt"/>
      <line num="665" count="0" type="cond" truecount="0" falsecount="2"/>
      <line num="666" count="0" type="stmt"/>
      <line num="667" count="0" type="stmt"/>
      <line num="670" count="0" type="stmt"/>
      <line num="674" count="0" type="stmt"/>
      <line num="675" count="0" type="stmt"/>
      <line num="677" count="0" type="cond" truecount="0" falsecount="2"/>
      <line num="678" count="0" type="stmt"/>
      <line num="680" count="0" type="stmt"/>
      <line num="681" count="0" type="stmt"/>
      <line num="682" count="0" type="stmt"/>
      <line num="683" count="0" type="stmt"/>
      <line num="689" count="0" type="cond" truecount="0" falsecount="4"/>
      <line num="690" count="0" type="stmt"/>
      <line num="691" count="0" type="stmt"/>
      <line num="696" count="0" type="stmt"/>
      <line num="700" count="0" type="cond" truecount="0" falsecount="2"/>
      <line num="701" count="0" type="stmt"/>
      <line num="702" count="0" type="stmt"/>
      <line num="704" count="0" type="stmt"/>
      <line num="705" count="0" type="stmt"/>
      <line num="713" count="2" type="cond" truecount="2" falsecount="0"/>
      <line num="721" count="2" type="cond" truecount="2" falsecount="0"/>
      <line num="729" count="2" type="cond" truecount="2" falsecount="0"/>
      <line num="730" count="1" type="stmt"/>
      <line num="732" count="1" type="stmt"/>
      <line num="747" count="2" type="cond" truecount="2" falsecount="0"/>
      <line num="748" count="1" type="stmt"/>
      <line num="750" count="1" type="stmt"/>
      <line num="762" count="3" type="cond" truecount="2" falsecount="0"/>
      <line num="763" count="1" type="stmt"/>
      <line num="764" count="2" type="stmt"/>
      <line num="768" count="2" type="cond" truecount="2" falsecount="0"/>
      <line num="769" count="1" type="stmt"/>
      <line num="771" count="1" type="stmt"/>
      <line num="774" count="8" type="stmt"/>
      <line num="775" count="3" type="stmt"/>
      <line num="777" count="2" type="stmt"/>
      <line num="780" count="5" type="stmt"/>
      <line num="781" count="5" type="stmt"/>
      <line num="782" count="5" type="cond" truecount="2" falsecount="0"/>
      <line num="783" count="1" type="stmt"/>
      <line num="784" count="32" type="stmt"/>
      <line num="785" count="4" type="stmt"/>
      <line num="786" count="4" type="stmt"/>
      <line num="790" count="11" type="cond" truecount="2" falsecount="0"/>
      <line num="791" count="1" type="stmt"/>
      <line num="792" count="10" type="stmt"/>
      <line num="793" count="10" type="stmt"/>
      <line num="797" count="5" type="stmt"/>
      <line num="798" count="5" type="stmt"/>
    </file>
  </project>
</coverage>
