{"/home/daoneill/src/xdock/utils.js": {"path":"/home/daoneill/src/xdock/utils.js","statementMap":{"0":{"start":{"line":22,"column":26},"end":{"line":22,"column":80}},"1":{"start":{"line":24,"column":4},"end":{"line":24,"column":77}},"2":{"start":{"line":24,"column":32},"end":{"line":24,"column":76}},"3":{"start":{"line":26,"column":17},"end":{"line":26,"column":80}},"4":{"start":{"line":28,"column":4},"end":{"line":29,"column":60}},"5":{"start":{"line":29,"column":19},"end":{"line":29,"column":59}},"6":{"start":{"line":31,"column":35},"end":{"line":34,"column":2}},"7":{"start":{"line":36,"column":20},"end":{"line":36,"column":37}},"8":{"start":{"line":42,"column":21},"end":{"line":186,"column":1}},"9":{"start":{"line":44,"column":8},"end":{"line":44,"column":27}},"10":{"start":{"line":48,"column":8},"end":{"line":48,"column":44}},"11":{"start":{"line":50,"column":8},"end":{"line":59,"column":9}},"12":{"start":{"line":51,"column":12},"end":{"line":52,"column":65}},"13":{"start":{"line":52,"column":16},"end":{"line":52,"column":65}},"14":{"start":{"line":54,"column":12},"end":{"line":58,"column":13}},"15":{"start":{"line":56,"column":16},"end":{"line":56,"column":50}},"16":{"start":{"line":57,"column":16},"end":{"line":57,"column":88}},"17":{"start":{"line":57,"column":72},"end":{"line":57,"column":86}},"18":{"start":{"line":65,"column":8},"end":{"line":65,"column":48}},"19":{"start":{"line":69,"column":8},"end":{"line":70,"column":41}},"20":{"start":{"line":70,"column":12},"end":{"line":70,"column":39}},"21":{"start":{"line":74,"column":8},"end":{"line":74,"column":56}},"22":{"start":{"line":75,"column":8},"end":{"line":75,"column":34}},"23":{"start":{"line":77,"column":8},"end":{"line":77,"column":21}},"24":{"start":{"line":81,"column":8},"end":{"line":82,"column":40}},"25":{"start":{"line":82,"column":12},"end":{"line":82,"column":38}},"26":{"start":{"line":86,"column":8},"end":{"line":87,"column":42}},"27":{"start":{"line":87,"column":12},"end":{"line":87,"column":40}},"28":{"start":{"line":91,"column":8},"end":{"line":92,"column":72}},"29":{"start":{"line":92,"column":12},"end":{"line":92,"column":72}},"30":{"start":{"line":94,"column":24},"end":{"line":94,"column":33}},"31":{"start":{"line":95,"column":8},"end":{"line":96,"column":36}},"32":{"start":{"line":95,"column":35},"end":{"line":95,"column":54}},"33":{"start":{"line":96,"column":12},"end":{"line":96,"column":36}},"34":{"start":{"line":98,"column":8},"end":{"line":99,"column":38}},"35":{"start":{"line":99,"column":12},"end":{"line":99,"column":38}},"36":{"start":{"line":102,"column":8},"end":{"line":111,"column":9}},"37":{"start":{"line":103,"column":12},"end":{"line":104,"column":66}},"38":{"start":{"line":104,"column":16},"end":{"line":104,"column":66}},"39":{"start":{"line":105,"column":25},"end":{"line":105,"column":45}},"40":{"start":{"line":106,"column":12},"end":{"line":110,"column":13}},"41":{"start":{"line":107,"column":16},"end":{"line":107,"column":53}},"42":{"start":{"line":109,"column":16},"end":{"line":109,"column":28}},"43":{"start":{"line":115,"column":8},"end":{"line":115,"column":76}},"44":{"start":{"line":115,"column":56},"end":{"line":115,"column":74}},"45":{"start":{"line":116,"column":8},"end":{"line":116,"column":36}},"46":{"start":{"line":120,"column":8},"end":{"line":120,"column":72}},"47":{"start":{"line":120,"column":53},"end":{"line":120,"column":70}},"48":{"start":{"line":124,"column":8},"end":{"line":124,"column":74}},"49":{"start":{"line":124,"column":53},"end":{"line":124,"column":72}},"50":{"start":{"line":128,"column":8},"end":{"line":134,"column":17}},"51":{"start":{"line":129,"column":13},"end":{"line":134,"column":14}},"52":{"start":{"line":130,"column":16},"end":{"line":131,"column":32}},"53":{"start":{"line":131,"column":20},"end":{"line":131,"column":32}},"54":{"start":{"line":132,"column":16},"end":{"line":132,"column":35}},"55":{"start":{"line":133,"column":16},"end":{"line":133,"column":29}},"56":{"start":{"line":147,"column":8},"end":{"line":147,"column":85}},"57":{"start":{"line":156,"column":8},"end":{"line":156,"column":85}},"58":{"start":{"line":165,"column":8},"end":{"line":165,"column":84}},"59":{"start":{"line":174,"column":8},"end":{"line":174,"column":86}},"60":{"start":{"line":178,"column":8},"end":{"line":179,"column":24}},"61":{"start":{"line":179,"column":12},"end":{"line":179,"column":24}},"62":{"start":{"line":181,"column":8},"end":{"line":182,"column":25}},"63":{"start":{"line":182,"column":12},"end":{"line":182,"column":25}},"64":{"start":{"line":184,"column":8},"end":{"line":184,"column":66}},"65":{"start":{"line":184,"column":39},"end":{"line":184,"column":64}},"66":{"start":{"line":193,"column":8},"end":{"line":194,"column":74}},"67":{"start":{"line":194,"column":12},"end":{"line":194,"column":74}},"68":{"start":{"line":196,"column":22},"end":{"line":196,"column":65}},"69":{"start":{"line":197,"column":26},"end":{"line":197,"column":71}},"70":{"start":{"line":199,"column":8},"end":{"line":203,"column":9}},"71":{"start":{"line":200,"column":12},"end":{"line":202,"column":55}},"72":{"start":{"line":205,"column":26},"end":{"line":205,"column":45}},"73":{"start":{"line":206,"column":31},"end":{"line":206,"column":60}},"74":{"start":{"line":208,"column":8},"end":{"line":214,"column":9}},"75":{"start":{"line":209,"column":37},"end":{"line":209,"column":45}},"76":{"start":{"line":210,"column":12},"end":{"line":213,"column":14}},"77":{"start":{"line":211,"column":16},"end":{"line":211,"column":46}},"78":{"start":{"line":212,"column":16},"end":{"line":212,"column":42}},"79":{"start":{"line":215,"column":19},"end":{"line":215,"column":58}},"80":{"start":{"line":217,"column":8},"end":{"line":221,"column":9}},"81":{"start":{"line":218,"column":12},"end":{"line":218,"column":59}},"82":{"start":{"line":219,"column":12},"end":{"line":220,"column":76}},"83":{"start":{"line":220,"column":60},"end":{"line":220,"column":74}},"84":{"start":{"line":223,"column":8},"end":{"line":223,"column":28}},"85":{"start":{"line":227,"column":8},"end":{"line":233,"column":17}},"86":{"start":{"line":228,"column":13},"end":{"line":233,"column":14}},"87":{"start":{"line":229,"column":16},"end":{"line":230,"column":32}},"88":{"start":{"line":230,"column":20},"end":{"line":230,"column":32}},"89":{"start":{"line":231,"column":16},"end":{"line":231,"column":33}},"90":{"start":{"line":232,"column":16},"end":{"line":232,"column":29}},"91":{"start":{"line":237,"column":29},"end":{"line":237,"column":33}},"92":{"start":{"line":238,"column":8},"end":{"line":238,"column":30}},"93":{"start":{"line":242,"column":29},"end":{"line":242,"column":33}},"94":{"start":{"line":244,"column":8},"end":{"line":245,"column":75}},"95":{"start":{"line":245,"column":12},"end":{"line":245,"column":75}},"96":{"start":{"line":249,"column":29},"end":{"line":249,"column":33}},"97":{"start":{"line":251,"column":8},"end":{"line":252,"column":77}},"98":{"start":{"line":252,"column":12},"end":{"line":252,"column":77}},"99":{"start":{"line":264,"column":24},"end":{"line":264,"column":27}},"100":{"start":{"line":266,"column":8},"end":{"line":266,"column":105}},"101":{"start":{"line":267,"column":8},"end":{"line":267,"column":105}},"102":{"start":{"line":268,"column":8},"end":{"line":268,"column":105}},"103":{"start":{"line":270,"column":8},"end":{"line":270,"column":25}},"104":{"start":{"line":275,"column":18},"end":{"line":275,"column":32}},"105":{"start":{"line":276,"column":8},"end":{"line":277,"column":28}},"106":{"start":{"line":277,"column":12},"end":{"line":277,"column":28}},"107":{"start":{"line":278,"column":8},"end":{"line":278,"column":19}},"108":{"start":{"line":287,"column":8},"end":{"line":288,"column":28}},"109":{"start":{"line":288,"column":12},"end":{"line":288,"column":28}},"110":{"start":{"line":291,"column":18},"end":{"line":291,"column":23}},"111":{"start":{"line":292,"column":19},"end":{"line":292,"column":24}},"112":{"start":{"line":293,"column":18},"end":{"line":293,"column":48}},"113":{"start":{"line":294,"column":18},"end":{"line":294,"column":23}},"114":{"start":{"line":296,"column":8},"end":{"line":320,"column":9}},"115":{"start":{"line":297,"column":12},"end":{"line":297,"column":22}},"116":{"start":{"line":298,"column":12},"end":{"line":298,"column":22}},"117":{"start":{"line":299,"column":12},"end":{"line":299,"column":18}},"118":{"start":{"line":300,"column":15},"end":{"line":320,"column":9}},"119":{"start":{"line":301,"column":12},"end":{"line":301,"column":22}},"120":{"start":{"line":302,"column":12},"end":{"line":302,"column":22}},"121":{"start":{"line":303,"column":12},"end":{"line":303,"column":18}},"122":{"start":{"line":304,"column":15},"end":{"line":320,"column":9}},"123":{"start":{"line":305,"column":12},"end":{"line":305,"column":18}},"124":{"start":{"line":306,"column":12},"end":{"line":306,"column":22}},"125":{"start":{"line":307,"column":12},"end":{"line":307,"column":22}},"126":{"start":{"line":308,"column":15},"end":{"line":320,"column":9}},"127":{"start":{"line":309,"column":12},"end":{"line":309,"column":18}},"128":{"start":{"line":310,"column":12},"end":{"line":310,"column":22}},"129":{"start":{"line":311,"column":12},"end":{"line":311,"column":22}},"130":{"start":{"line":312,"column":15},"end":{"line":320,"column":9}},"131":{"start":{"line":313,"column":12},"end":{"line":313,"column":22}},"132":{"start":{"line":314,"column":12},"end":{"line":314,"column":18}},"133":{"start":{"line":315,"column":12},"end":{"line":315,"column":22}},"134":{"start":{"line":317,"column":12},"end":{"line":317,"column":22}},"135":{"start":{"line":318,"column":12},"end":{"line":318,"column":18}},"136":{"start":{"line":319,"column":12},"end":{"line":319,"column":22}},"137":{"start":{"line":322,"column":8},"end":{"line":326,"column":10}},"138":{"start":{"line":335,"column":8},"end":{"line":336,"column":28}},"139":{"start":{"line":336,"column":12},"end":{"line":336,"column":28}},"140":{"start":{"line":340,"column":18},"end":{"line":340,"column":35}},"141":{"start":{"line":341,"column":18},"end":{"line":341,"column":35}},"142":{"start":{"line":342,"column":18},"end":{"line":342,"column":23}},"143":{"start":{"line":344,"column":8},"end":{"line":351,"column":32}},"144":{"start":{"line":345,"column":12},"end":{"line":345,"column":18}},"145":{"start":{"line":346,"column":13},"end":{"line":351,"column":32}},"146":{"start":{"line":347,"column":12},"end":{"line":347,"column":34}},"147":{"start":{"line":348,"column":13},"end":{"line":351,"column":32}},"148":{"start":{"line":349,"column":12},"end":{"line":349,"column":32}},"149":{"start":{"line":351,"column":12},"end":{"line":351,"column":32}},"150":{"start":{"line":353,"column":8},"end":{"line":353,"column":15}},"151":{"start":{"line":354,"column":18},"end":{"line":354,"column":25}},"152":{"start":{"line":355,"column":8},"end":{"line":358,"column":18}},"153":{"start":{"line":356,"column":12},"end":{"line":356,"column":22}},"154":{"start":{"line":358,"column":12},"end":{"line":358,"column":18}},"155":{"start":{"line":360,"column":8},"end":{"line":364,"column":10}},"156":{"start":{"line":374,"column":25},"end":{"line":374,"column":37}},"157":{"start":{"line":376,"column":8},"end":{"line":377,"column":81}},"158":{"start":{"line":377,"column":12},"end":{"line":377,"column":81}},"159":{"start":{"line":379,"column":8},"end":{"line":381,"column":10}},"160":{"start":{"line":380,"column":12},"end":{"line":380,"column":66}},"161":{"start":{"line":382,"column":8},"end":{"line":382,"column":40}},"162":{"start":{"line":386,"column":41},"end":{"line":386,"column":45}},"163":{"start":{"line":387,"column":8},"end":{"line":387,"column":32}},"164":{"start":{"line":397,"column":25},"end":{"line":397,"column":51}},"165":{"start":{"line":398,"column":8},"end":{"line":399,"column":90}},"166":{"start":{"line":399,"column":12},"end":{"line":399,"column":90}},"167":{"start":{"line":400,"column":8},"end":{"line":400,"column":62}},"168":{"start":{"line":401,"column":8},"end":{"line":401,"column":33}},"169":{"start":{"line":405,"column":34},"end":{"line":405,"column":38}},"170":{"start":{"line":406,"column":30},"end":{"line":406,"column":56}},"171":{"start":{"line":407,"column":8},"end":{"line":421,"column":9}},"172":{"start":{"line":411,"column":12},"end":{"line":411,"column":63}},"173":{"start":{"line":413,"column":12},"end":{"line":420,"column":13}},"174":{"start":{"line":414,"column":16},"end":{"line":417,"column":19}},"175":{"start":{"line":416,"column":20},"end":{"line":416,"column":61}},"176":{"start":{"line":419,"column":16},"end":{"line":419,"column":54}},"177":{"start":{"line":425,"column":8},"end":{"line":426,"column":59}},"178":{"start":{"line":426,"column":12},"end":{"line":426,"column":59}},"179":{"start":{"line":428,"column":8},"end":{"line":428,"column":57}},"180":{"start":{"line":438,"column":8},"end":{"line":438,"column":28}},"181":{"start":{"line":439,"column":8},"end":{"line":439,"column":30}},"182":{"start":{"line":443,"column":8},"end":{"line":444,"column":76}},"183":{"start":{"line":444,"column":12},"end":{"line":444,"column":76}},"184":{"start":{"line":446,"column":28},"end":{"line":446,"column":48}},"185":{"start":{"line":447,"column":43},"end":{"line":448,"column":59}},"186":{"start":{"line":450,"column":8},"end":{"line":454,"column":11}},"187":{"start":{"line":455,"column":8},"end":{"line":455,"column":60}},"188":{"start":{"line":459,"column":61},"end":{"line":459,"column":65}},"189":{"start":{"line":460,"column":8},"end":{"line":463,"column":34}},"190":{"start":{"line":461,"column":12},"end":{"line":461,"column":78}},"191":{"start":{"line":463,"column":12},"end":{"line":463,"column":34}},"192":{"start":{"line":471,"column":21},"end":{"line":471,"column":62}},"193":{"start":{"line":472,"column":4},"end":{"line":477,"column":5}},"194":{"start":{"line":473,"column":8},"end":{"line":476,"column":32}},"195":{"start":{"line":474,"column":12},"end":{"line":474,"column":33}},"196":{"start":{"line":475,"column":13},"end":{"line":476,"column":32}},"197":{"start":{"line":476,"column":12},"end":{"line":476,"column":32}},"198":{"start":{"line":478,"column":4},"end":{"line":478,"column":20}},"199":{"start":{"line":485,"column":21},"end":{"line":485,"column":71}},"200":{"start":{"line":486,"column":4},"end":{"line":491,"column":5}},"201":{"start":{"line":487,"column":8},"end":{"line":490,"column":32}},"202":{"start":{"line":488,"column":12},"end":{"line":488,"column":33}},"203":{"start":{"line":489,"column":13},"end":{"line":490,"column":32}},"204":{"start":{"line":490,"column":12},"end":{"line":490,"column":32}},"205":{"start":{"line":492,"column":4},"end":{"line":492,"column":20}},"206":{"start":{"line":507,"column":4},"end":{"line":510,"column":5}},"207":{"start":{"line":508,"column":8},"end":{"line":508,"column":48}},"208":{"start":{"line":509,"column":8},"end":{"line":509,"column":23}},"209":{"start":{"line":512,"column":4},"end":{"line":512,"column":44}},"210":{"start":{"line":514,"column":23},"end":{"line":514,"column":55}},"211":{"start":{"line":515,"column":24},"end":{"line":515,"column":57}},"212":{"start":{"line":517,"column":4},"end":{"line":517,"column":42}},"213":{"start":{"line":518,"column":4},"end":{"line":518,"column":33}},"214":{"start":{"line":519,"column":4},"end":{"line":522,"column":33}},"215":{"start":{"line":520,"column":8},"end":{"line":520,"column":94}},"216":{"start":{"line":522,"column":8},"end":{"line":522,"column":33}},"217":{"start":{"line":523,"column":4},"end":{"line":523,"column":51}},"218":{"start":{"line":524,"column":4},"end":{"line":527,"column":32}},"219":{"start":{"line":525,"column":8},"end":{"line":525,"column":105}},"220":{"start":{"line":527,"column":8},"end":{"line":527,"column":32}},"221":{"start":{"line":528,"column":4},"end":{"line":528,"column":19}},"222":{"start":{"line":530,"column":4},"end":{"line":533,"column":5}},"223":{"start":{"line":531,"column":8},"end":{"line":531,"column":27}},"224":{"start":{"line":532,"column":8},"end":{"line":532,"column":26}},"225":{"start":{"line":534,"column":4},"end":{"line":535,"column":29}},"226":{"start":{"line":535,"column":8},"end":{"line":535,"column":29}},"227":{"start":{"line":536,"column":4},"end":{"line":536,"column":16}},"228":{"start":{"line":548,"column":4},"end":{"line":549,"column":47}},"229":{"start":{"line":549,"column":8},"end":{"line":549,"column":47}},"230":{"start":{"line":551,"column":18},"end":{"line":551,"column":36}},"231":{"start":{"line":552,"column":27},"end":{"line":552,"column":43}},"232":{"start":{"line":553,"column":19},"end":{"line":553,"column":46}},"233":{"start":{"line":554,"column":4},"end":{"line":562,"column":7}},"234":{"start":{"line":555,"column":21},"end":{"line":555,"column":30}},"235":{"start":{"line":556,"column":8},"end":{"line":561,"column":10}},"236":{"start":{"line":557,"column":12},"end":{"line":557,"column":30}},"237":{"start":{"line":558,"column":12},"end":{"line":558,"column":37}},"238":{"start":{"line":559,"column":12},"end":{"line":560,"column":40}},"239":{"start":{"line":560,"column":16},"end":{"line":560,"column":40}},"240":{"start":{"line":569,"column":32},"end":{"line":569,"column":41}},"241":{"start":{"line":570,"column":31},"end":{"line":570,"column":37}},"242":{"start":{"line":571,"column":23},"end":{"line":572,"column":62}},"243":{"start":{"line":572,"column":19},"end":{"line":572,"column":61}},"244":{"start":{"line":574,"column":4},"end":{"line":580,"column":7}},"245":{"start":{"line":575,"column":8},"end":{"line":579,"column":11}},"246":{"start":{"line":576,"column":25},"end":{"line":576,"column":55}},"247":{"start":{"line":577,"column":12},"end":{"line":578,"column":49}},"248":{"start":{"line":578,"column":16},"end":{"line":578,"column":49}},"249":{"start":{"line":582,"column":4},"end":{"line":582,"column":31}},"250":{"start":{"line":592,"column":4},"end":{"line":596,"column":5}},"251":{"start":{"line":593,"column":8},"end":{"line":594,"column":22}},"252":{"start":{"line":594,"column":12},"end":{"line":594,"column":22}},"253":{"start":{"line":595,"column":8},"end":{"line":595,"column":17}},"254":{"start":{"line":598,"column":21},"end":{"line":598,"column":39}},"255":{"start":{"line":599,"column":21},"end":{"line":599,"column":39}},"256":{"start":{"line":601,"column":24},"end":{"line":601,"column":83}},"257":{"start":{"line":601,"column":35},"end":{"line":601,"column":83}},"258":{"start":{"line":601,"column":54},"end":{"line":601,"column":82}},"259":{"start":{"line":602,"column":23},"end":{"line":602,"column":44}},"260":{"start":{"line":603,"column":4},"end":{"line":607,"column":5}},"261":{"start":{"line":604,"column":8},"end":{"line":605,"column":22}},"262":{"start":{"line":605,"column":12},"end":{"line":605,"column":22}},"263":{"start":{"line":606,"column":8},"end":{"line":606,"column":17}},"264":{"start":{"line":609,"column":4},"end":{"line":618,"column":5}},"265":{"start":{"line":610,"column":8},"end":{"line":613,"column":21}},"266":{"start":{"line":611,"column":12},"end":{"line":611,"column":22}},"267":{"start":{"line":612,"column":13},"end":{"line":613,"column":21}},"268":{"start":{"line":613,"column":12},"end":{"line":613,"column":21}},"269":{"start":{"line":615,"column":29},"end":{"line":616,"column":60}},"270":{"start":{"line":616,"column":12},"end":{"line":616,"column":60}},"271":{"start":{"line":616,"column":41},"end":{"line":616,"column":58}},"272":{"start":{"line":617,"column":8},"end":{"line":617,"column":63}},"273":{"start":{"line":620,"column":4},"end":{"line":620,"column":13}},"274":{"start":{"line":630,"column":28},"end":{"line":630,"column":74}},"275":{"start":{"line":631,"column":16},"end":{"line":631,"column":56}},"276":{"start":{"line":632,"column":16},"end":{"line":632,"column":56}},"277":{"start":{"line":634,"column":4},"end":{"line":637,"column":17}},"278":{"start":{"line":635,"column":8},"end":{"line":635,"column":18}},"279":{"start":{"line":636,"column":9},"end":{"line":637,"column":17}},"280":{"start":{"line":637,"column":8},"end":{"line":637,"column":17}},"281":{"start":{"line":639,"column":17},"end":{"line":639,"column":48}},"282":{"start":{"line":640,"column":17},"end":{"line":640,"column":48}},"283":{"start":{"line":642,"column":4},"end":{"line":645,"column":17}},"284":{"start":{"line":643,"column":8},"end":{"line":643,"column":18}},"285":{"start":{"line":644,"column":9},"end":{"line":645,"column":17}},"286":{"start":{"line":645,"column":8},"end":{"line":645,"column":17}},"287":{"start":{"line":647,"column":4},"end":{"line":647,"column":55}},"288":{"start":{"line":650,"column":32},"end":{"line":707,"column":2}},"289":{"start":{"line":660,"column":8},"end":{"line":661,"column":55}},"290":{"start":{"line":661,"column":12},"end":{"line":661,"column":55}},"291":{"start":{"line":663,"column":8},"end":{"line":663,"column":30}},"292":{"start":{"line":665,"column":8},"end":{"line":668,"column":9}},"293":{"start":{"line":666,"column":12},"end":{"line":666,"column":26}},"294":{"start":{"line":667,"column":12},"end":{"line":667,"column":19}},"295":{"start":{"line":670,"column":8},"end":{"line":670,"column":32}},"296":{"start":{"line":674,"column":8},"end":{"line":685,"column":11}},"297":{"start":{"line":675,"column":12},"end":{"line":675,"column":31}},"298":{"start":{"line":677,"column":12},"end":{"line":678,"column":23}},"299":{"start":{"line":678,"column":16},"end":{"line":678,"column":23}},"300":{"start":{"line":680,"column":12},"end":{"line":684,"column":15}},"301":{"start":{"line":681,"column":16},"end":{"line":681,"column":44}},"302":{"start":{"line":682,"column":16},"end":{"line":682,"column":45}},"303":{"start":{"line":683,"column":16},"end":{"line":683,"column":42}},"304":{"start":{"line":689,"column":8},"end":{"line":692,"column":9}},"305":{"start":{"line":690,"column":12},"end":{"line":690,"column":52}},"306":{"start":{"line":691,"column":12},"end":{"line":691,"column":35}},"307":{"start":{"line":696,"column":8},"end":{"line":696,"column":52}},"308":{"start":{"line":700,"column":8},"end":{"line":703,"column":9}},"309":{"start":{"line":701,"column":12},"end":{"line":701,"column":53}},"310":{"start":{"line":702,"column":12},"end":{"line":702,"column":40}},"311":{"start":{"line":704,"column":8},"end":{"line":704,"column":37}},"312":{"start":{"line":705,"column":8},"end":{"line":705,"column":27}},"313":{"start":{"line":713,"column":4},"end":{"line":713,"column":79}},"314":{"start":{"line":721,"column":4},"end":{"line":722,"column":44}},"315":{"start":{"line":729,"column":4},"end":{"line":732,"column":30}},"316":{"start":{"line":730,"column":8},"end":{"line":730,"column":51}},"317":{"start":{"line":732,"column":8},"end":{"line":732,"column":30}},"318":{"start":{"line":747,"column":4},"end":{"line":750,"column":39}},"319":{"start":{"line":748,"column":8},"end":{"line":748,"column":56}},"320":{"start":{"line":750,"column":8},"end":{"line":750,"column":39}},"321":{"start":{"line":762,"column":4},"end":{"line":763,"column":59}},"322":{"start":{"line":763,"column":8},"end":{"line":763,"column":59}},"323":{"start":{"line":764,"column":4},"end":{"line":764,"column":79}},"324":{"start":{"line":768,"column":4},"end":{"line":771,"column":33}},"325":{"start":{"line":769,"column":8},"end":{"line":769,"column":33}},"326":{"start":{"line":771,"column":8},"end":{"line":771,"column":33}},"327":{"start":{"line":774,"column":21},"end":{"line":774,"column":61}},"328":{"start":{"line":774,"column":34},"end":{"line":774,"column":61}},"329":{"start":{"line":775,"column":27},"end":{"line":775,"column":46}},"330":{"start":{"line":775,"column":32},"end":{"line":775,"column":46}},"331":{"start":{"line":777,"column":31},"end":{"line":777,"column":64}},"332":{"start":{"line":780,"column":23},"end":{"line":780,"column":66}},"333":{"start":{"line":781,"column":4},"end":{"line":781,"column":44}},"334":{"start":{"line":782,"column":4},"end":{"line":783,"column":25}},"335":{"start":{"line":783,"column":8},"end":{"line":783,"column":25}},"336":{"start":{"line":784,"column":18},"end":{"line":784,"column":62}},"337":{"start":{"line":784,"column":48},"end":{"line":784,"column":61}},"338":{"start":{"line":785,"column":4},"end":{"line":785,"column":24}},"339":{"start":{"line":786,"column":4},"end":{"line":786,"column":17}},"340":{"start":{"line":790,"column":4},"end":{"line":791,"column":19}},"341":{"start":{"line":791,"column":8},"end":{"line":791,"column":19}},"342":{"start":{"line":792,"column":23},"end":{"line":792,"column":40}},"343":{"start":{"line":793,"column":4},"end":{"line":793,"column":56}},"344":{"start":{"line":797,"column":20},"end":{"line":797,"column":58}},"345":{"start":{"line":798,"column":4},"end":{"line":798,"column":44}}},"fnMap":{"0":{"name":"(anonymous_0)","decl":{"start":{"line":24,"column":27},"end":{"line":24,"column":28}},"loc":{"start":{"line":24,"column":32},"end":{"line":24,"column":76}},"line":24},"1":{"name":"(anonymous_1)","decl":{"start":{"line":29,"column":14},"end":{"line":29,"column":15}},"loc":{"start":{"line":29,"column":19},"end":{"line":29,"column":59}},"line":29},"2":{"name":"(anonymous_2)","decl":{"start":{"line":43,"column":4},"end":{"line":43,"column":5}},"loc":{"start":{"line":43,"column":28},"end":{"line":45,"column":5}},"line":43},"3":{"name":"(anonymous_3)","decl":{"start":{"line":47,"column":4},"end":{"line":47,"column":5}},"loc":{"start":{"line":47,"column":30},"end":{"line":60,"column":5}},"line":47},"4":{"name":"(anonymous_4)","decl":{"start":{"line":57,"column":66},"end":{"line":57,"column":67}},"loc":{"start":{"line":57,"column":72},"end":{"line":57,"column":86}},"line":57},"5":{"name":"(anonymous_5)","decl":{"start":{"line":62,"column":4},"end":{"line":62,"column":5}},"loc":{"start":{"line":62,"column":17},"end":{"line":66,"column":5}},"line":62},"6":{"name":"(anonymous_6)","decl":{"start":{"line":68,"column":4},"end":{"line":68,"column":5}},"loc":{"start":{"line":68,"column":12},"end":{"line":71,"column":5}},"line":68},"7":{"name":"(anonymous_7)","decl":{"start":{"line":69,"column":60},"end":{"line":69,"column":61}},"loc":{"start":{"line":70,"column":12},"end":{"line":70,"column":39}},"line":70},"8":{"name":"(anonymous_8)","decl":{"start":{"line":73,"column":4},"end":{"line":73,"column":5}},"loc":{"start":{"line":73,"column":14},"end":{"line":78,"column":5}},"line":73},"9":{"name":"(anonymous_9)","decl":{"start":{"line":80,"column":4},"end":{"line":80,"column":5}},"loc":{"start":{"line":80,"column":12},"end":{"line":83,"column":5}},"line":80},"10":{"name":"(anonymous_10)","decl":{"start":{"line":81,"column":60},"end":{"line":81,"column":61}},"loc":{"start":{"line":82,"column":12},"end":{"line":82,"column":38}},"line":82},"11":{"name":"(anonymous_11)","decl":{"start":{"line":85,"column":4},"end":{"line":85,"column":5}},"loc":{"start":{"line":85,"column":14},"end":{"line":88,"column":5}},"line":85},"12":{"name":"(anonymous_12)","decl":{"start":{"line":86,"column":60},"end":{"line":86,"column":61}},"loc":{"start":{"line":87,"column":12},"end":{"line":87,"column":40}},"line":87},"13":{"name":"(anonymous_13)","decl":{"start":{"line":90,"column":4},"end":{"line":90,"column":5}},"loc":{"start":{"line":90,"column":33},"end":{"line":112,"column":5}},"line":90},"14":{"name":"(anonymous_14)","decl":{"start":{"line":95,"column":28},"end":{"line":95,"column":29}},"loc":{"start":{"line":95,"column":35},"end":{"line":95,"column":54}},"line":95},"15":{"name":"(anonymous_15)","decl":{"start":{"line":114,"column":4},"end":{"line":114,"column":5}},"loc":{"start":{"line":114,"column":27},"end":{"line":117,"column":5}},"line":114},"16":{"name":"(anonymous_16)","decl":{"start":{"line":115,"column":48},"end":{"line":115,"column":49}},"loc":{"start":{"line":115,"column":56},"end":{"line":115,"column":74}},"line":115},"17":{"name":"(anonymous_17)","decl":{"start":{"line":119,"column":4},"end":{"line":119,"column":5}},"loc":{"start":{"line":119,"column":26},"end":{"line":121,"column":5}},"line":119},"18":{"name":"(anonymous_18)","decl":{"start":{"line":120,"column":45},"end":{"line":120,"column":46}},"loc":{"start":{"line":120,"column":53},"end":{"line":120,"column":70}},"line":120},"19":{"name":"(anonymous_19)","decl":{"start":{"line":123,"column":4},"end":{"line":123,"column":5}},"loc":{"start":{"line":123,"column":28},"end":{"line":125,"column":5}},"line":123},"20":{"name":"(anonymous_20)","decl":{"start":{"line":124,"column":45},"end":{"line":124,"column":46}},"loc":{"start":{"line":124,"column":53},"end":{"line":124,"column":72}},"line":124},"21":{"name":"(anonymous_21)","decl":{"start":{"line":127,"column":4},"end":{"line":127,"column":5}},"loc":{"start":{"line":127,"column":24},"end":{"line":135,"column":5}},"line":127},"22":{"name":"(anonymous_22)","decl":{"start":{"line":128,"column":60},"end":{"line":128,"column":61}},"loc":{"start":{"line":129,"column":13},"end":{"line":134,"column":14}},"line":129},"23":{"name":"(anonymous_23)","decl":{"start":{"line":129,"column":64},"end":{"line":129,"column":65}},"loc":{"start":{"line":129,"column":70},"end":{"line":134,"column":13}},"line":129},"24":{"name":"(anonymous_24)","decl":{"start":{"line":146,"column":4},"end":{"line":146,"column":5}},"loc":{"start":{"line":146,"column":42},"end":{"line":148,"column":5}},"line":146},"25":{"name":"(anonymous_25)","decl":{"start":{"line":155,"column":4},"end":{"line":155,"column":5}},"loc":{"start":{"line":155,"column":19},"end":{"line":157,"column":5}},"line":155},"26":{"name":"(anonymous_26)","decl":{"start":{"line":164,"column":4},"end":{"line":164,"column":5}},"loc":{"start":{"line":164,"column":18},"end":{"line":166,"column":5}},"line":164},"27":{"name":"(anonymous_27)","decl":{"start":{"line":173,"column":4},"end":{"line":173,"column":5}},"loc":{"start":{"line":173,"column":20},"end":{"line":175,"column":5}},"line":173},"28":{"name":"(anonymous_28)","decl":{"start":{"line":177,"column":4},"end":{"line":177,"column":5}},"loc":{"start":{"line":177,"column":30},"end":{"line":185,"column":5}},"line":177},"29":{"name":"(anonymous_29)","decl":{"start":{"line":184,"column":27},"end":{"line":184,"column":28}},"loc":{"start":{"line":184,"column":39},"end":{"line":184,"column":64}},"line":184},"30":{"name":"(anonymous_30)","decl":{"start":{"line":192,"column":4},"end":{"line":192,"column":5}},"loc":{"start":{"line":192,"column":71},"end":{"line":224,"column":5}},"line":192},"31":{"name":"(anonymous_31)","decl":{"start":{"line":210,"column":23},"end":{"line":210,"column":24}},"loc":{"start":{"line":210,"column":36},"end":{"line":213,"column":13}},"line":210},"32":{"name":"(anonymous_32)","decl":{"start":{"line":220,"column":54},"end":{"line":220,"column":55}},"loc":{"start":{"line":220,"column":60},"end":{"line":220,"column":74}},"line":220},"33":{"name":"(anonymous_33)","decl":{"start":{"line":226,"column":4},"end":{"line":226,"column":5}},"loc":{"start":{"line":226,"column":29},"end":{"line":234,"column":5}},"line":226},"34":{"name":"(anonymous_34)","decl":{"start":{"line":227,"column":60},"end":{"line":227,"column":61}},"loc":{"start":{"line":228,"column":13},"end":{"line":233,"column":14}},"line":228},"35":{"name":"(anonymous_35)","decl":{"start":{"line":228,"column":64},"end":{"line":228,"column":65}},"loc":{"start":{"line":228,"column":70},"end":{"line":233,"column":13}},"line":228},"36":{"name":"(anonymous_36)","decl":{"start":{"line":236,"column":4},"end":{"line":236,"column":5}},"loc":{"start":{"line":236,"column":18},"end":{"line":239,"column":5}},"line":236},"37":{"name":"(anonymous_37)","decl":{"start":{"line":241,"column":4},"end":{"line":241,"column":5}},"loc":{"start":{"line":241,"column":17},"end":{"line":246,"column":5}},"line":241},"38":{"name":"(anonymous_38)","decl":{"start":{"line":248,"column":4},"end":{"line":248,"column":5}},"loc":{"start":{"line":248,"column":19},"end":{"line":253,"column":5}},"line":248},"39":{"name":"(anonymous_39)","decl":{"start":{"line":263,"column":4},"end":{"line":263,"column":5}},"loc":{"start":{"line":263,"column":41},"end":{"line":271,"column":5}},"line":263},"40":{"name":"(anonymous_40)","decl":{"start":{"line":274,"column":4},"end":{"line":274,"column":5}},"loc":{"start":{"line":274,"column":37},"end":{"line":279,"column":5}},"line":274},"41":{"name":"(anonymous_41)","decl":{"start":{"line":286,"column":4},"end":{"line":286,"column":5}},"loc":{"start":{"line":286,"column":29},"end":{"line":327,"column":5}},"line":286},"42":{"name":"(anonymous_42)","decl":{"start":{"line":334,"column":4},"end":{"line":334,"column":5}},"loc":{"start":{"line":334,"column":29},"end":{"line":365,"column":5}},"line":334},"43":{"name":"(anonymous_43)","decl":{"start":{"line":373,"column":4},"end":{"line":373,"column":5}},"loc":{"start":{"line":373,"column":44},"end":{"line":383,"column":5}},"line":373},"44":{"name":"(anonymous_44)","decl":{"start":{"line":379,"column":23},"end":{"line":379,"column":24}},"loc":{"start":{"line":379,"column":42},"end":{"line":381,"column":9}},"line":379},"45":{"name":"(anonymous_45)","decl":{"start":{"line":385,"column":4},"end":{"line":385,"column":5}},"loc":{"start":{"line":385,"column":18},"end":{"line":388,"column":5}},"line":385},"46":{"name":"(anonymous_46)","decl":{"start":{"line":396,"column":4},"end":{"line":396,"column":5}},"loc":{"start":{"line":396,"column":47},"end":{"line":402,"column":5}},"line":396},"47":{"name":"(anonymous_47)","decl":{"start":{"line":404,"column":4},"end":{"line":404,"column":5}},"loc":{"start":{"line":404,"column":18},"end":{"line":422,"column":5}},"line":404},"48":{"name":"(anonymous_48)","decl":{"start":{"line":414,"column":52},"end":{"line":414,"column":53}},"loc":{"start":{"line":414,"column":71},"end":{"line":417,"column":17}},"line":414},"49":{"name":"(anonymous_49)","decl":{"start":{"line":424,"column":4},"end":{"line":424,"column":5}},"loc":{"start":{"line":424,"column":41},"end":{"line":429,"column":5}},"line":424},"50":{"name":"(anonymous_50)","decl":{"start":{"line":437,"column":4},"end":{"line":437,"column":5}},"loc":{"start":{"line":437,"column":38},"end":{"line":440,"column":5}},"line":437},"51":{"name":"(anonymous_51)","decl":{"start":{"line":442,"column":4},"end":{"line":442,"column":5}},"loc":{"start":{"line":442,"column":56},"end":{"line":456,"column":5}},"line":442},"52":{"name":"(anonymous_52)","decl":{"start":{"line":458,"column":4},"end":{"line":458,"column":5}},"loc":{"start":{"line":458,"column":18},"end":{"line":464,"column":5}},"line":458},"53":{"name":"getPosition","decl":{"start":{"line":470,"column":16},"end":{"line":470,"column":27}},"loc":{"start":{"line":470,"column":30},"end":{"line":479,"column":1}},"line":470},"54":{"name":"getSecondaryPosition","decl":{"start":{"line":484,"column":16},"end":{"line":484,"column":36}},"loc":{"start":{"line":484,"column":39},"end":{"line":493,"column":1}},"line":484},"55":{"name":"drawRoundedLine","decl":{"start":{"line":506,"column":16},"end":{"line":506,"column":31}},"loc":{"start":{"line":506,"column":98},"end":{"line":537,"column":1}},"line":506},"56":{"name":"splitHandler","decl":{"start":{"line":547,"column":16},"end":{"line":547,"column":28}},"loc":{"start":{"line":547,"column":38},"end":{"line":563,"column":1}},"line":547},"57":{"name":"(anonymous_57)","decl":{"start":{"line":554,"column":22},"end":{"line":554,"column":23}},"loc":{"start":{"line":554,"column":39},"end":{"line":562,"column":5}},"line":554},"58":{"name":"(anonymous_58)","decl":{"start":{"line":556,"column":15},"end":{"line":556,"column":16}},"loc":{"start":{"line":556,"column":31},"end":{"line":561,"column":9}},"line":556},"59":{"name":"getWindowsByObjectPath","decl":{"start":{"line":568,"column":16},"end":{"line":568,"column":38}},"loc":{"start":{"line":568,"column":41},"end":{"line":583,"column":1}},"line":568},"60":{"name":"(anonymous_60)","decl":{"start":{"line":572,"column":8},"end":{"line":572,"column":9}},"loc":{"start":{"line":572,"column":19},"end":{"line":572,"column":61}},"line":572},"61":{"name":"(anonymous_61)","decl":{"start":{"line":574,"column":23},"end":{"line":574,"column":24}},"loc":{"start":{"line":574,"column":29},"end":{"line":580,"column":5}},"line":574},"62":{"name":"(anonymous_62)","decl":{"start":{"line":575,"column":34},"end":{"line":575,"column":35}},"loc":{"start":{"line":575,"column":39},"end":{"line":579,"column":9}},"line":575},"63":{"name":"shellAppCompare","decl":{"start":{"line":591,"column":16},"end":{"line":591,"column":31}},"loc":{"start":{"line":591,"column":44},"end":{"line":621,"column":1}},"line":591},"64":{"name":"(anonymous_64)","decl":{"start":{"line":601,"column":24},"end":{"line":601,"column":25}},"loc":{"start":{"line":601,"column":35},"end":{"line":601,"column":83}},"line":601},"65":{"name":"(anonymous_65)","decl":{"start":{"line":601,"column":49},"end":{"line":601,"column":50}},"loc":{"start":{"line":601,"column":54},"end":{"line":601,"column":82}},"line":601},"66":{"name":"(anonymous_66)","decl":{"start":{"line":615,"column":29},"end":{"line":615,"column":30}},"loc":{"start":{"line":616,"column":12},"end":{"line":616,"column":60}},"line":616},"67":{"name":"(anonymous_67)","decl":{"start":{"line":616,"column":36},"end":{"line":616,"column":37}},"loc":{"start":{"line":616,"column":41},"end":{"line":616,"column":58}},"line":616},"68":{"name":"shellWindowsCompare","decl":{"start":{"line":629,"column":16},"end":{"line":629,"column":35}},"loc":{"start":{"line":629,"column":48},"end":{"line":648,"column":1}},"line":629},"69":{"name":"(anonymous_69)","decl":{"start":{"line":659,"column":4},"end":{"line":659,"column":5}},"loc":{"start":{"line":659,"column":18},"end":{"line":671,"column":5}},"line":659},"70":{"name":"(anonymous_70)","decl":{"start":{"line":673,"column":4},"end":{"line":673,"column":5}},"loc":{"start":{"line":673,"column":23},"end":{"line":686,"column":5}},"line":673},"71":{"name":"(anonymous_71)","decl":{"start":{"line":674,"column":47},"end":{"line":674,"column":48}},"loc":{"start":{"line":674,"column":53},"end":{"line":685,"column":9}},"line":674},"72":{"name":"(anonymous_72)","decl":{"start":{"line":680,"column":72},"end":{"line":680,"column":73}},"loc":{"start":{"line":680,"column":78},"end":{"line":684,"column":13}},"line":680},"73":{"name":"(anonymous_73)","decl":{"start":{"line":688,"column":4},"end":{"line":688,"column":5}},"loc":{"start":{"line":688,"column":28},"end":{"line":693,"column":5}},"line":688},"74":{"name":"(anonymous_74)","decl":{"start":{"line":695,"column":4},"end":{"line":695,"column":5}},"loc":{"start":{"line":695,"column":18},"end":{"line":697,"column":5}},"line":695},"75":{"name":"(anonymous_75)","decl":{"start":{"line":699,"column":4},"end":{"line":699,"column":5}},"loc":{"start":{"line":699,"column":13},"end":{"line":706,"column":5}},"line":699},"76":{"name":"getMonitorManager","decl":{"start":{"line":712,"column":16},"end":{"line":712,"column":33}},"loc":{"start":{"line":712,"column":36},"end":{"line":714,"column":1}},"line":712},"77":{"name":"laterAdd","decl":{"start":{"line":720,"column":16},"end":{"line":720,"column":24}},"loc":{"start":{"line":720,"column":46},"end":{"line":723,"column":1}},"line":720},"78":{"name":"laterRemove","decl":{"start":{"line":728,"column":16},"end":{"line":728,"column":27}},"loc":{"start":{"line":728,"column":32},"end":{"line":733,"column":1}},"line":728},"79":{"name":"cairoSetSourceColor","decl":{"start":{"line":746,"column":16},"end":{"line":746,"column":35}},"loc":{"start":{"line":746,"column":53},"end":{"line":751,"column":1}},"line":746},"80":{"name":"supportsExtendedBarriers","decl":{"start":{"line":761,"column":16},"end":{"line":761,"column":40}},"loc":{"start":{"line":761,"column":43},"end":{"line":765,"column":1}},"line":761},"81":{"name":"addActor","decl":{"start":{"line":767,"column":16},"end":{"line":767,"column":24}},"loc":{"start":{"line":767,"column":41},"end":{"line":772,"column":1}},"line":767},"82":{"name":"(anonymous_82)","decl":{"start":{"line":774,"column":21},"end":{"line":774,"column":22}},"loc":{"start":{"line":774,"column":34},"end":{"line":774,"column":61}},"line":774},"83":{"name":"(anonymous_83)","decl":{"start":{"line":775,"column":27},"end":{"line":775,"column":28}},"loc":{"start":{"line":775,"column":32},"end":{"line":775,"column":46}},"line":775},"84":{"name":"computeAvailableIconSizes","decl":{"start":{"line":779,"column":16},"end":{"line":779,"column":41}},"loc":{"start":{"line":779,"column":66},"end":{"line":787,"column":1}},"line":779},"85":{"name":"(anonymous_85)","decl":{"start":{"line":784,"column":41},"end":{"line":784,"column":42}},"loc":{"start":{"line":784,"column":48},"end":{"line":784,"column":61}},"line":784},"86":{"name":"magnificationFalloff","decl":{"start":{"line":789,"column":16},"end":{"line":789,"column":36}},"loc":{"start":{"line":789,"column":55},"end":{"line":794,"column":1}},"line":789},"87":{"name":"magnificationScale","decl":{"start":{"line":796,"column":16},"end":{"line":796,"column":34}},"loc":{"start":{"line":796,"column":63},"end":{"line":799,"column":1}},"line":796}},"branchMap":{"0":{"loc":{"start":{"line":50,"column":8},"end":{"line":59,"column":9}},"type":"if","locations":[{"start":{"line":50,"column":8},"end":{"line":59,"column":9}},{"start":{},"end":{}}],"line":50},"1":{"loc":{"start":{"line":51,"column":12},"end":{"line":52,"column":65}},"type":"if","locations":[{"start":{"line":51,"column":12},"end":{"line":52,"column":65}},{"start":{},"end":{}}],"line":51},"2":{"loc":{"start":{"line":54,"column":12},"end":{"line":58,"column":13}},"type":"if","locations":[{"start":{"line":54,"column":12},"end":{"line":58,"column":13}},{"start":{},"end":{}}],"line":54},"3":{"loc":{"start":{"line":54,"column":16},"end":{"line":55,"column":81}},"type":"binary-expr","locations":[{"start":{"line":54,"column":16},"end":{"line":54,"column":57}},{"start":{"line":55,"column":16},"end":{"line":55,"column":81}}],"line":54},"4":{"loc":{"start":{"line":91,"column":8},"end":{"line":92,"column":72}},"type":"if","locations":[{"start":{"line":91,"column":8},"end":{"line":92,"column":72}},{"start":{},"end":{}}],"line":91},"5":{"loc":{"start":{"line":95,"column":8},"end":{"line":96,"column":36}},"type":"if","locations":[{"start":{"line":95,"column":8},"end":{"line":96,"column":36}},{"start":{},"end":{}}],"line":95},"6":{"loc":{"start":{"line":98,"column":8},"end":{"line":99,"column":38}},"type":"if","locations":[{"start":{"line":98,"column":8},"end":{"line":99,"column":38}},{"start":{},"end":{}}],"line":98},"7":{"loc":{"start":{"line":103,"column":12},"end":{"line":104,"column":66}},"type":"if","locations":[{"start":{"line":103,"column":12},"end":{"line":104,"column":66}},{"start":{},"end":{}}],"line":103},"8":{"loc":{"start":{"line":120,"column":9},"end":{"line":120,"column":35}},"type":"binary-expr","locations":[{"start":{"line":120,"column":9},"end":{"line":120,"column":29}},{"start":{"line":120,"column":33},"end":{"line":120,"column":35}}],"line":120},"9":{"loc":{"start":{"line":124,"column":9},"end":{"line":124,"column":35}},"type":"binary-expr","locations":[{"start":{"line":124,"column":9},"end":{"line":124,"column":29}},{"start":{"line":124,"column":33},"end":{"line":124,"column":35}}],"line":124},"10":{"loc":{"start":{"line":130,"column":16},"end":{"line":131,"column":32}},"type":"if","locations":[{"start":{"line":130,"column":16},"end":{"line":131,"column":32}},{"start":{},"end":{}}],"line":130},"11":{"loc":{"start":{"line":178,"column":8},"end":{"line":179,"column":24}},"type":"if","locations":[{"start":{"line":178,"column":8},"end":{"line":179,"column":24}},{"start":{},"end":{}}],"line":178},"12":{"loc":{"start":{"line":181,"column":8},"end":{"line":182,"column":25}},"type":"if","locations":[{"start":{"line":181,"column":8},"end":{"line":182,"column":25}},{"start":{},"end":{}}],"line":181},"13":{"loc":{"start":{"line":192,"column":37},"end":{"line":192,"column":69}},"type":"default-arg","locations":[{"start":{"line":192,"column":45},"end":{"line":192,"column":69}}],"line":192},"14":{"loc":{"start":{"line":193,"column":8},"end":{"line":194,"column":74}},"type":"if","locations":[{"start":{"line":193,"column":8},"end":{"line":194,"column":74}},{"start":{},"end":{}}],"line":193},"15":{"loc":{"start":{"line":197,"column":26},"end":{"line":197,"column":71}},"type":"cond-expr","locations":[{"start":{"line":197,"column":34},"end":{"line":197,"column":54}},{"start":{"line":197,"column":57},"end":{"line":197,"column":71}}],"line":197},"16":{"loc":{"start":{"line":199,"column":8},"end":{"line":203,"column":9}},"type":"if","locations":[{"start":{"line":199,"column":8},"end":{"line":203,"column":9}},{"start":{},"end":{}}],"line":199},"17":{"loc":{"start":{"line":201,"column":53},"end":{"line":201,"column":74}},"type":"cond-expr","locations":[{"start":{"line":201,"column":61},"end":{"line":201,"column":69}},{"start":{"line":201,"column":72},"end":{"line":201,"column":74}}],"line":201},"18":{"loc":{"start":{"line":208,"column":8},"end":{"line":214,"column":9}},"type":"if","locations":[{"start":{"line":208,"column":8},"end":{"line":214,"column":9}},{"start":{},"end":{}}],"line":208},"19":{"loc":{"start":{"line":208,"column":12},"end":{"line":208,"column":40}},"type":"binary-expr","locations":[{"start":{"line":208,"column":12},"end":{"line":208,"column":21}},{"start":{"line":208,"column":25},"end":{"line":208,"column":40}}],"line":208},"20":{"loc":{"start":{"line":217,"column":8},"end":{"line":221,"column":9}},"type":"if","locations":[{"start":{"line":217,"column":8},"end":{"line":221,"column":9}},{"start":{},"end":{}}],"line":217},"21":{"loc":{"start":{"line":217,"column":12},"end":{"line":217,"column":39}},"type":"binary-expr","locations":[{"start":{"line":217,"column":12},"end":{"line":217,"column":21}},{"start":{"line":217,"column":25},"end":{"line":217,"column":39}}],"line":217},"22":{"loc":{"start":{"line":229,"column":16},"end":{"line":230,"column":32}},"type":"if","locations":[{"start":{"line":229,"column":16},"end":{"line":230,"column":32}},{"start":{},"end":{}}],"line":229},"23":{"loc":{"start":{"line":244,"column":8},"end":{"line":245,"column":75}},"type":"if","locations":[{"start":{"line":244,"column":8},"end":{"line":245,"column":75}},{"start":{},"end":{}}],"line":244},"24":{"loc":{"start":{"line":251,"column":8},"end":{"line":252,"column":77}},"type":"if","locations":[{"start":{"line":251,"column":8},"end":{"line":252,"column":77}},{"start":{},"end":{}}],"line":251},"25":{"loc":{"start":{"line":287,"column":8},"end":{"line":288,"column":28}},"type":"if","locations":[{"start":{"line":287,"column":8},"end":{"line":288,"column":28}},{"start":{},"end":{}}],"line":287},"26":{"loc":{"start":{"line":296,"column":8},"end":{"line":320,"column":9}},"type":"if","locations":[{"start":{"line":296,"column":8},"end":{"line":320,"column":9}},{"start":{"line":300,"column":15},"end":{"line":320,"column":9}}],"line":296},"27":{"loc":{"start":{"line":300,"column":15},"end":{"line":320,"column":9}},"type":"if","locations":[{"start":{"line":300,"column":15},"end":{"line":320,"column":9}},{"start":{"line":304,"column":15},"end":{"line":320,"column":9}}],"line":300},"28":{"loc":{"start":{"line":304,"column":15},"end":{"line":320,"column":9}},"type":"if","locations":[{"start":{"line":304,"column":15},"end":{"line":320,"column":9}},{"start":{"line":308,"column":15},"end":{"line":320,"column":9}}],"line":304},"29":{"loc":{"start":{"line":308,"column":15},"end":{"line":320,"column":9}},"type":"if","locations":[{"start":{"line":308,"column":15},"end":{"line":320,"column":9}},{"start":{"line":312,"column":15},"end":{"line":320,"column":9}}],"line":308},"30":{"loc":{"start":{"line":312,"column":15},"end":{"line":320,"column":9}},"type":"if","locations":[{"start":{"line":312,"column":15},"end":{"line":320,"column":9}},{"start":{"line":316,"column":15},"end":{"line":320,"column":9}}],"line":312},"31":{"loc":{"start":{"line":335,"column":8},"end":{"line":336,"column":28}},"type":"if","locations":[{"start":{"line":335,"column":8},"end":{"line":336,"column":28}},{"start":{},"end":{}}],"line":335},"32":{"loc":{"start":{"line":344,"column":8},"end":{"line":351,"column":32}},"type":"if","locations":[{"start":{"line":344,"column":8},"end":{"line":351,"column":32}},{"start":{"line":346,"column":13},"end":{"line":351,"column":32}}],"line":344},"33":{"loc":{"start":{"line":346,"column":13},"end":{"line":351,"column":32}},"type":"if","locations":[{"start":{"line":346,"column":13},"end":{"line":351,"column":32}},{"start":{"line":348,"column":13},"end":{"line":351,"column":32}}],"line":346},"34":{"loc":{"start":{"line":348,"column":13},"end":{"line":351,"column":32}},"type":"if","locations":[{"start":{"line":348,"column":13},"end":{"line":351,"column":32}},{"start":{"line":351,"column":12},"end":{"line":351,"column":32}}],"line":348},"35":{"loc":{"start":{"line":355,"column":8},"end":{"line":358,"column":18}},"type":"if","locations":[{"start":{"line":355,"column":8},"end":{"line":358,"column":18}},{"start":{"line":358,"column":12},"end":{"line":358,"column":18}}],"line":355},"36":{"loc":{"start":{"line":376,"column":8},"end":{"line":377,"column":81}},"type":"if","locations":[{"start":{"line":376,"column":8},"end":{"line":377,"column":81}},{"start":{},"end":{}}],"line":376},"37":{"loc":{"start":{"line":398,"column":8},"end":{"line":399,"column":90}},"type":"if","locations":[{"start":{"line":398,"column":8},"end":{"line":399,"column":90}},{"start":{},"end":{}}],"line":398},"38":{"loc":{"start":{"line":425,"column":8},"end":{"line":426,"column":59}},"type":"if","locations":[{"start":{"line":425,"column":8},"end":{"line":426,"column":59}},{"start":{},"end":{}}],"line":425},"39":{"loc":{"start":{"line":425,"column":12},"end":{"line":425,"column":75}},"type":"binary-expr","locations":[{"start":{"line":425,"column":12},"end":{"line":425,"column":35}},{"start":{"line":425,"column":39},"end":{"line":425,"column":75}}],"line":425},"40":{"loc":{"start":{"line":443,"column":8},"end":{"line":444,"column":76}},"type":"if","locations":[{"start":{"line":443,"column":8},"end":{"line":444,"column":76}},{"start":{},"end":{}}],"line":443},"41":{"loc":{"start":{"line":443,"column":12},"end":{"line":443,"column":66}},"type":"binary-expr","locations":[{"start":{"line":443,"column":12},"end":{"line":443,"column":43}},{"start":{"line":443,"column":47},"end":{"line":443,"column":66}}],"line":443},"42":{"loc":{"start":{"line":447,"column":43},"end":{"line":448,"column":59}},"type":"binary-expr","locations":[{"start":{"line":447,"column":43},"end":{"line":447,"column":91}},{"start":{"line":448,"column":12},"end":{"line":448,"column":59}}],"line":447},"43":{"loc":{"start":{"line":460,"column":8},"end":{"line":463,"column":34}},"type":"if","locations":[{"start":{"line":460,"column":8},"end":{"line":463,"column":34}},{"start":{"line":463,"column":12},"end":{"line":463,"column":34}}],"line":460},"44":{"loc":{"start":{"line":472,"column":4},"end":{"line":477,"column":5}},"type":"if","locations":[{"start":{"line":472,"column":4},"end":{"line":477,"column":5}},{"start":{},"end":{}}],"line":472},"45":{"loc":{"start":{"line":473,"column":8},"end":{"line":476,"column":32}},"type":"if","locations":[{"start":{"line":473,"column":8},"end":{"line":476,"column":32}},{"start":{"line":475,"column":13},"end":{"line":476,"column":32}}],"line":473},"46":{"loc":{"start":{"line":475,"column":13},"end":{"line":476,"column":32}},"type":"if","locations":[{"start":{"line":475,"column":13},"end":{"line":476,"column":32}},{"start":{},"end":{}}],"line":475},"47":{"loc":{"start":{"line":486,"column":4},"end":{"line":491,"column":5}},"type":"if","locations":[{"start":{"line":486,"column":4},"end":{"line":491,"column":5}},{"start":{},"end":{}}],"line":486},"48":{"loc":{"start":{"line":487,"column":8},"end":{"line":490,"column":32}},"type":"if","locations":[{"start":{"line":487,"column":8},"end":{"line":490,"column":32}},{"start":{"line":489,"column":13},"end":{"line":490,"column":32}}],"line":487},"49":{"loc":{"start":{"line":489,"column":13},"end":{"line":490,"column":32}},"type":"if","locations":[{"start":{"line":489,"column":13},"end":{"line":490,"column":32}},{"start":{},"end":{}}],"line":489},"50":{"loc":{"start":{"line":507,"column":4},"end":{"line":510,"column":5}},"type":"if","locations":[{"start":{"line":507,"column":4},"end":{"line":510,"column":5}},{"start":{},"end":{}}],"line":507},"51":{"loc":{"start":{"line":514,"column":23},"end":{"line":514,"column":55}},"type":"cond-expr","locations":[{"start":{"line":514,"column":37},"end":{"line":514,"column":49}},{"start":{"line":514,"column":52},"end":{"line":514,"column":55}}],"line":514},"52":{"loc":{"start":{"line":515,"column":24},"end":{"line":515,"column":57}},"type":"cond-expr","locations":[{"start":{"line":515,"column":39},"end":{"line":515,"column":51}},{"start":{"line":515,"column":54},"end":{"line":515,"column":57}}],"line":515},"53":{"loc":{"start":{"line":519,"column":4},"end":{"line":522,"column":33}},"type":"if","locations":[{"start":{"line":519,"column":4},"end":{"line":522,"column":33}},{"start":{"line":522,"column":8},"end":{"line":522,"column":33}}],"line":519},"54":{"loc":{"start":{"line":524,"column":4},"end":{"line":527,"column":32}},"type":"if","locations":[{"start":{"line":524,"column":4},"end":{"line":527,"column":32}},{"start":{"line":527,"column":8},"end":{"line":527,"column":32}}],"line":524},"55":{"loc":{"start":{"line":530,"column":4},"end":{"line":533,"column":5}},"type":"if","locations":[{"start":{"line":530,"column":4},"end":{"line":533,"column":5}},{"start":{},"end":{}}],"line":530},"56":{"loc":{"start":{"line":534,"column":4},"end":{"line":535,"column":29}},"type":"if","locations":[{"start":{"line":534,"column":4},"end":{"line":535,"column":29}},{"start":{},"end":{}}],"line":534},"57":{"loc":{"start":{"line":548,"column":4},"end":{"line":549,"column":47}},"type":"if","locations":[{"start":{"line":548,"column":4},"end":{"line":549,"column":47}},{"start":{},"end":{}}],"line":548},"58":{"loc":{"start":{"line":559,"column":12},"end":{"line":560,"column":40}},"type":"if","locations":[{"start":{"line":559,"column":12},"end":{"line":560,"column":40}},{"start":{},"end":{}}],"line":559},"59":{"loc":{"start":{"line":577,"column":12},"end":{"line":578,"column":49}},"type":"if","locations":[{"start":{"line":577,"column":12},"end":{"line":578,"column":49}},{"start":{},"end":{}}],"line":577},"60":{"loc":{"start":{"line":592,"column":4},"end":{"line":596,"column":5}},"type":"if","locations":[{"start":{"line":592,"column":4},"end":{"line":596,"column":5}},{"start":{},"end":{}}],"line":592},"61":{"loc":{"start":{"line":593,"column":8},"end":{"line":594,"column":22}},"type":"if","locations":[{"start":{"line":593,"column":8},"end":{"line":594,"column":22}},{"start":{},"end":{}}],"line":593},"62":{"loc":{"start":{"line":603,"column":4},"end":{"line":607,"column":5}},"type":"if","locations":[{"start":{"line":603,"column":4},"end":{"line":607,"column":5}},{"start":{},"end":{}}],"line":603},"63":{"loc":{"start":{"line":604,"column":8},"end":{"line":605,"column":22}},"type":"if","locations":[{"start":{"line":604,"column":8},"end":{"line":605,"column":22}},{"start":{},"end":{}}],"line":604},"64":{"loc":{"start":{"line":609,"column":4},"end":{"line":618,"column":5}},"type":"if","locations":[{"start":{"line":609,"column":4},"end":{"line":618,"column":5}},{"start":{},"end":{}}],"line":609},"65":{"loc":{"start":{"line":610,"column":8},"end":{"line":613,"column":21}},"type":"if","locations":[{"start":{"line":610,"column":8},"end":{"line":613,"column":21}},{"start":{"line":612,"column":13},"end":{"line":613,"column":21}}],"line":610},"66":{"loc":{"start":{"line":610,"column":12},"end":{"line":610,"column":47}},"type":"binary-expr","locations":[{"start":{"line":610,"column":12},"end":{"line":610,"column":27}},{"start":{"line":610,"column":31},"end":{"line":610,"column":47}}],"line":610},"67":{"loc":{"start":{"line":612,"column":13},"end":{"line":613,"column":21}},"type":"if","locations":[{"start":{"line":612,"column":13},"end":{"line":613,"column":21}},{"start":{},"end":{}}],"line":612},"68":{"loc":{"start":{"line":612,"column":17},"end":{"line":612,"column":52}},"type":"binary-expr","locations":[{"start":{"line":612,"column":17},"end":{"line":612,"column":33}},{"start":{"line":612,"column":37},"end":{"line":612,"column":52}}],"line":612},"69":{"loc":{"start":{"line":634,"column":4},"end":{"line":637,"column":17}},"type":"if","locations":[{"start":{"line":634,"column":4},"end":{"line":637,"column":17}},{"start":{"line":636,"column":9},"end":{"line":637,"column":17}}],"line":634},"70":{"loc":{"start":{"line":634,"column":8},"end":{"line":634,"column":19}},"type":"binary-expr","locations":[{"start":{"line":634,"column":8},"end":{"line":634,"column":11}},{"start":{"line":634,"column":15},"end":{"line":634,"column":19}}],"line":634},"71":{"loc":{"start":{"line":636,"column":9},"end":{"line":637,"column":17}},"type":"if","locations":[{"start":{"line":636,"column":9},"end":{"line":637,"column":17}},{"start":{},"end":{}}],"line":636},"72":{"loc":{"start":{"line":636,"column":13},"end":{"line":636,"column":24}},"type":"binary-expr","locations":[{"start":{"line":636,"column":13},"end":{"line":636,"column":17}},{"start":{"line":636,"column":21},"end":{"line":636,"column":24}}],"line":636},"73":{"loc":{"start":{"line":642,"column":4},"end":{"line":645,"column":17}},"type":"if","locations":[{"start":{"line":642,"column":4},"end":{"line":645,"column":17}},{"start":{"line":644,"column":9},"end":{"line":645,"column":17}}],"line":642},"74":{"loc":{"start":{"line":642,"column":8},"end":{"line":642,"column":21}},"type":"binary-expr","locations":[{"start":{"line":642,"column":8},"end":{"line":642,"column":12}},{"start":{"line":642,"column":16},"end":{"line":642,"column":21}}],"line":642},"75":{"loc":{"start":{"line":644,"column":9},"end":{"line":645,"column":17}},"type":"if","locations":[{"start":{"line":644,"column":9},"end":{"line":645,"column":17}},{"start":{},"end":{}}],"line":644},"76":{"loc":{"start":{"line":644,"column":13},"end":{"line":644,"column":26}},"type":"binary-expr","locations":[{"start":{"line":644,"column":13},"end":{"line":644,"column":18}},{"start":{"line":644,"column":22},"end":{"line":644,"column":26}}],"line":644},"77":{"loc":{"start":{"line":660,"column":8},"end":{"line":661,"column":55}},"type":"if","locations":[{"start":{"line":660,"column":8},"end":{"line":661,"column":55}},{"start":{},"end":{}}],"line":660},"78":{"loc":{"start":{"line":660,"column":12},"end":{"line":660,"column":58}},"type":"binary-expr","locations":[{"start":{"line":660,"column":12},"end":{"line":660,"column":18}},{"start":{"line":660,"column":22},"end":{"line":660,"column":58}}],"line":660},"79":{"loc":{"start":{"line":665,"column":8},"end":{"line":668,"column":9}},"type":"if","locations":[{"start":{"line":665,"column":8},"end":{"line":668,"column":9}},{"start":{},"end":{}}],"line":665},"80":{"loc":{"start":{"line":677,"column":12},"end":{"line":678,"column":23}},"type":"if","locations":[{"start":{"line":677,"column":12},"end":{"line":678,"column":23}},{"start":{},"end":{}}],"line":677},"81":{"loc":{"start":{"line":689,"column":8},"end":{"line":692,"column":9}},"type":"if","locations":[{"start":{"line":689,"column":8},"end":{"line":692,"column":9}},{"start":{},"end":{}}],"line":689},"82":{"loc":{"start":{"line":689,"column":12},"end":{"line":689,"column":52}},"type":"binary-expr","locations":[{"start":{"line":689,"column":12},"end":{"line":689,"column":27}},{"start":{"line":689,"column":31},"end":{"line":689,"column":52}}],"line":689},"83":{"loc":{"start":{"line":700,"column":8},"end":{"line":703,"column":9}},"type":"if","locations":[{"start":{"line":700,"column":8},"end":{"line":703,"column":9}},{"start":{},"end":{}}],"line":700},"84":{"loc":{"start":{"line":713,"column":11},"end":{"line":713,"column":78}},"type":"binary-expr","locations":[{"start":{"line":713,"column":11},"end":{"line":713,"column":49}},{"start":{"line":713,"column":53},"end":{"line":713,"column":78}}],"line":713},"85":{"loc":{"start":{"line":721,"column":11},"end":{"line":722,"column":43}},"type":"binary-expr","locations":[{"start":{"line":721,"column":11},"end":{"line":721,"column":69}},{"start":{"line":722,"column":8},"end":{"line":722,"column":43}}],"line":721},"86":{"loc":{"start":{"line":729,"column":4},"end":{"line":732,"column":30}},"type":"if","locations":[{"start":{"line":729,"column":4},"end":{"line":732,"column":30}},{"start":{"line":732,"column":8},"end":{"line":732,"column":30}}],"line":729},"87":{"loc":{"start":{"line":747,"column":4},"end":{"line":750,"column":39}},"type":"if","locations":[{"start":{"line":747,"column":4},"end":{"line":750,"column":39}},{"start":{"line":750,"column":8},"end":{"line":750,"column":39}}],"line":747},"88":{"loc":{"start":{"line":762,"column":4},"end":{"line":763,"column":59}},"type":"if","locations":[{"start":{"line":762,"column":4},"end":{"line":763,"column":59}},{"start":{},"end":{}}],"line":762},"89":{"loc":{"start":{"line":768,"column":4},"end":{"line":771,"column":33}},"type":"if","locations":[{"start":{"line":768,"column":4},"end":{"line":771,"column":33}},{"start":{"line":771,"column":8},"end":{"line":771,"column":33}}],"line":768},"90":{"loc":{"start":{"line":782,"column":4},"end":{"line":783,"column":25}},"type":"if","locations":[{"start":{"line":782,"column":4},"end":{"line":783,"column":25}},{"start":{},"end":{}}],"line":782},"91":{"loc":{"start":{"line":790,"column":4},"end":{"line":791,"column":19}},"type":"if","locations":[{"start":{"line":790,"column":4},"end":{"line":791,"column":19}},{"start":{},"end":{}}],"line":790}},"s":{"0":2,"1":2,"2":0,"3":2,"4":2,"5":0,"6":2,"7":2,"8":2,"9":0,"10":34,"11":34,"12":5,"13":1,"14":4,"15":4,"16":4,"17":0,"18":28,"19":35,"20":27,"21":34,"22":34,"23":34,"24":2,"25":2,"26":2,"27":2,"28":36,"29":1,"30":35,"31":35,"32":53,"33":9,"34":35,"35":29,"36":35,"37":36,"38":1,"39":35,"40":35,"41":35,"42":4,"43":33,"44":27,"45":33,"46":3,"47":2,"48":3,"49":2,"50":0,"51":0,"52":0,"53":0,"54":0,"55":0,"56":0,"57":0,"58":0,"59":0,"60":0,"61":0,"62":0,"63":0,"64":0,"65":0,"66":29,"67":1,"68":28,"69":28,"70":28,"71":1,"72":27,"73":27,"74":27,"75":3,"76":3,"77":2,"78":2,"79":27,"80":27,"81":2,"82":2,"83":1,"84":27,"85":2,"86":2,"87":5,"88":1,"89":4,"90":4,"91":27,"92":27,"93":2,"94":2,"95":1,"96":2,"97":2,"98":1,"99":7,"100":7,"101":7,"102":7,"103":7,"104":26,"105":26,"106":12,"107":26,"108":17,"109":5,"110":17,"111":17,"112":17,"113":17,"114":17,"115":7,"116":7,"117":7,"118":10,"119":3,"120":3,"121":3,"122":7,"123":1,"124":1,"125":1,"126":6,"127":2,"128":2,"129":2,"130":4,"131":3,"132":3,"133":3,"134":1,"135":1,"136":1,"137":17,"138":10,"139":1,"140":10,"141":10,"142":10,"143":10,"144":3,"145":7,"146":2,"147":5,"148":2,"149":3,"150":10,"151":10,"152":10,"153":9,"154":1,"155":10,"156":3,"157":3,"158":1,"159":2,"160":1,"161":2,"162":2,"163":2,"164":0,"165":0,"166":0,"167":0,"168":0,"169":0,"170":0,"171":0,"172":0,"173":0,"174":0,"175":0,"176":0,"177":0,"178":0,"179":0,"180":3,"181":3,"182":3,"183":1,"184":2,"185":2,"186":2,"187":2,"188":2,"189":2,"190":1,"191":1,"192":7,"193":7,"194":4,"195":1,"196":3,"197":1,"198":5,"199":5,"200":5,"201":4,"202":1,"203":3,"204":1,"205":3,"206":10,"207":1,"208":1,"209":10,"210":10,"211":10,"212":10,"213":10,"214":10,"215":3,"216":7,"217":10,"218":10,"219":3,"220":7,"221":10,"222":10,"223":3,"224":3,"225":10,"226":3,"227":10,"228":8,"229":1,"230":7,"231":7,"232":7,"233":7,"234":14,"235":14,"236":12,"237":12,"238":12,"239":7,"240":3,"241":3,"242":3,"243":3,"244":3,"245":3,"246":4,"247":4,"248":2,"249":3,"250":15,"251":2,"252":1,"253":1,"254":13,"255":13,"256":13,"257":26,"258":18,"259":13,"260":13,"261":4,"262":2,"263":2,"264":9,"265":8,"266":1,"267":7,"268":1,"269":6,"270":12,"271":12,"272":6,"273":1,"274":9,"275":9,"276":9,"277":9,"278":1,"279":8,"280":1,"281":7,"282":7,"283":7,"284":2,"285":5,"286":1,"287":4,"288":2,"289":0,"290":0,"291":0,"292":0,"293":0,"294":0,"295":0,"296":0,"297":0,"298":0,"299":0,"300":0,"301":0,"302":0,"303":0,"304":0,"305":0,"306":0,"307":0,"308":0,"309":0,"310":0,"311":0,"312":0,"313":2,"314":2,"315":2,"316":1,"317":1,"318":2,"319":1,"320":1,"321":3,"322":1,"323":2,"324":2,"325":1,"326":1,"327":2,"328":8,"329":2,"330":3,"331":2,"332":5,"333":5,"334":5,"335":1,"336":4,"337":32,"338":4,"339":4,"340":11,"341":1,"342":10,"343":10,"344":5,"345":5},"f":{"0":0,"1":0,"2":0,"3":34,"4":0,"5":28,"6":35,"7":27,"8":34,"9":2,"10":2,"11":2,"12":2,"13":36,"14":53,"15":33,"16":27,"17":3,"18":2,"19":3,"20":2,"21":0,"22":0,"23":0,"24":0,"25":0,"26":0,"27":0,"28":0,"29":0,"30":29,"31":2,"32":1,"33":2,"34":2,"35":5,"36":27,"37":2,"38":2,"39":7,"40":26,"41":17,"42":10,"43":3,"44":1,"45":2,"46":0,"47":0,"48":0,"49":0,"50":3,"51":3,"52":2,"53":7,"54":5,"55":10,"56":8,"57":14,"58":12,"59":3,"60":3,"61":3,"62":4,"63":15,"64":26,"65":18,"66":12,"67":12,"68":9,"69":0,"70":0,"71":0,"72":0,"73":0,"74":0,"75":0,"76":2,"77":2,"78":2,"79":2,"80":3,"81":2,"82":8,"83":3,"84":5,"85":32,"86":11,"87":5},"b":{"0":[5,29],"1":[1,4],"2":[4,0],"3":[4,0],"4":[1,35],"5":[9,26],"6":[29,6],"7":[1,35],"8":[3,1],"9":[3,1],"10":[0,0],"11":[0,0],"12":[0,0],"13":[28],"14":[1,28],"15":[1,27],"16":[1,27],"17":[0,1],"18":[3,24],"19":[27,5],"20":[2,25],"21":[27,5],"22":[1,4],"23":[1,1],"24":[1,1],"25":[5,12],"26":[7,10],"27":[3,7],"28":[1,6],"29":[2,4],"30":[3,1],"31":[1,9],"32":[3,7],"33":[2,5],"34":[2,3],"35":[9,1],"36":[1,2],"37":[0,0],"38":[0,0],"39":[0,0],"40":[1,2],"41":[3,2],"42":[2,1],"43":[1,1],"44":[4,3],"45":[1,3],"46":[1,2],"47":[4,1],"48":[1,3],"49":[1,2],"50":[1,9],"51":[3,7],"52":[3,7],"53":[3,7],"54":[3,7],"55":[3,7],"56":[3,7],"57":[1,7],"58":[7,5],"59":[2,2],"60":[2,13],"61":[1,1],"62":[4,9],"63":[2,2],"64":[8,1],"65":[1,7],"66":[8,6],"67":[1,6],"68":[7,2],"69":[1,8],"70":[9,6],"71":[1,7],"72":[8,3],"73":[2,5],"74":[7,5],"75":[1,4],"76":[5,2],"77":[0,0],"78":[0,0],"79":[0,0],"80":[0,0],"81":[0,0],"82":[0,0],"83":[0,0],"84":[2,1],"85":[2,1],"86":[1,1],"87":[1,1],"88":[1,2],"89":[1,1],"90":[1,4],"91":[1,10]},"inputSourceMap":null,"_coverageSchema":"1a1c01bbd47fc00a2c39e90264f33305004495a9","hash":"81e4cb424d35f4fdc34470e84e06e570caf52c99"}
}
