TN:
SF:utils.js
FN:24,(anonymous_0)
FN:29,(anonymous_1)
FN:43,(anonymous_2)
FN:47,(anonymous_3)
FN:57,(anonymous_4)
FN:62,(anonymous_5)
FN:68,(anonymous_6)
FN:69,(anonymous_7)
FN:73,(anonymous_8)
FN:80,(anonymous_9)
FN:81,(anonymous_10)
FN:85,(anonymous_11)
FN:86,(anonymous_12)
FN:90,(anonymous_13)
FN:95,(anonymous_14)
FN:114,(anonymous_15)
FN:115,(anonymous_16)
FN:119,(anonymous_17)
FN:120,(anonymous_18)
FN:123,(anonymous_19)
FN:124,(anonymous_20)
FN:127,(anonymous_21)
FN:128,(anonymous_22)
FN:129,(anonymous_23)
FN:146,(anonymous_24)
FN:155,(anonymous_25)
FN:164,(anonymous_26)
FN:173,(anonymous_27)
FN:177,(anonymous_28)
FN:184,(anonymous_29)
FN:192,(anonymous_30)
FN:210,(anonymous_31)
FN:220,(anonymous_32)
FN:226,(anonymous_33)
FN:227,(anonymous_34)
FN:228,(anonymous_35)
FN:236,(anonymous_36)
FN:241,(anonymous_37)
FN:248,(anonymous_38)
FN:263,(anonymous_39)
FN:274,(anonymous_40)
FN:286,(anonymous_41)
FN:334,(anonymous_42)
FN:373,(anonymous_43)
FN:379,(anonymous_44)
FN:385,(anonymous_45)
FN:396,(anonymous_46)
FN:404,(anonymous_47)
FN:414,(anonymous_48)
FN:424,(anonymous_49)
FN:437,(anonymous_50)
FN:442,(anonymous_51)
FN:458,(anonymous_52)
FN:470,getPosition
FN:484,getSecondaryPosition
FN:506,drawRoundedLine
FN:547,splitHandler
FN:554,(anonymous_57)
FN:556,(anonymous_58)
FN:568,getWindowsByObjectPath
FN:572,(anonymous_60)
FN:574,(anonymous_61)
FN:575,(anonymous_62)
FN:591,shellAppCompare
FN:601,(anonymous_64)
FN:601,(anonymous_65)
FN:615,(anonymous_66)
FN:616,(anonymous_67)
FN:629,shellWindowsCompare
FN:659,(anonymous_69)
FN:673,(anonymous_70)
FN:674,(anonymous_71)
FN:680,(anonymous_72)
FN:688,(anonymous_73)
FN:695,(anonymous_74)
FN:699,(anonymous_75)
FN:712,getMonitorManager
FN:720,laterAdd
FN:728,laterRemove
FN:746,cairoSetSourceColor
FN:761,supportsExtendedBarriers
FN:767,addActor
FN:774,(anonymous_82)
FN:775,(anonymous_83)
FN:779,computeAvailableIconSizes
FN:784,(anonymous_85)
FN:789,magnificationFalloff
FN:796,magnificationScale
FNF:88
FNH:64
FNDA:0,(anonymous_0)
FNDA:0,(anonymous_1)
FNDA:0,(anonymous_2)
FNDA:34,(anonymous_3)
FNDA:0,(anonymous_4)
FNDA:28,(anonymous_5)
FNDA:35,(anonymous_6)
FNDA:27,(anonymous_7)
FNDA:34,(anonymous_8)
FNDA:2,(anonymous_9)
FNDA:2,(anonymous_10)
FNDA:2,(anonymous_11)
FNDA:2,(anonymous_12)
FNDA:36,(anonymous_13)
FNDA:53,(anonymous_14)
FNDA:33,(anonymous_15)
FNDA:27,(anonymous_16)
FNDA:3,(anonymous_17)
FNDA:2,(anonymous_18)
FNDA:3,(anonymous_19)
FNDA:2,(anonymous_20)
FNDA:0,(anonymous_21)
FNDA:0,(anonymous_22)
FNDA:0,(anonymous_23)
FNDA:0,(anonymous_24)
FNDA:0,(anonymous_25)
FNDA:0,(anonymous_26)
FNDA:0,(anonymous_27)
FNDA:0,(anonymous_28)
FNDA:0,(anonymous_29)
FNDA:29,(anonymous_30)
FNDA:2,(anonymous_31)
FNDA:1,(anonymous_32)
FNDA:2,(anonymous_33)
FNDA:2,(anonymous_34)
FNDA:5,(anonymous_35)
FNDA:27,(anonymous_36)
FNDA:2,(anonymous_37)
FNDA:2,(anonymous_38)
FNDA:7,(anonymous_39)
FNDA:26,(anonymous_40)
FNDA:17,(anonymous_41)
FNDA:10,(anonymous_42)
FNDA:3,(anonymous_43)
FNDA:1,(anonymous_44)
FNDA:2,(anonymous_45)
FNDA:0,(anonymous_46)
FNDA:0,(anonymous_47)
FNDA:0,(anonymous_48)
FNDA:0,(anonymous_49)
FNDA:3,(anonymous_50)
FNDA:3,(anonymous_51)
FNDA:2,(anonymous_52)
FNDA:7,getPosition
FNDA:5,getSecondaryPosition
FNDA:10,drawRoundedLine
FNDA:8,splitHandler
FNDA:14,(anonymous_57)
FNDA:12,(anonymous_58)
FNDA:3,getWindowsByObjectPath
FNDA:3,(anonymous_60)
FNDA:3,(anonymous_61)
FNDA:4,(anonymous_62)
FNDA:15,shellAppCompare
FNDA:26,(anonymous_64)
FNDA:18,(anonymous_65)
FNDA:12,(anonymous_66)
FNDA:12,(anonymous_67)
FNDA:9,shellWindowsCompare
FNDA:0,(anonymous_69)
FNDA:0,(anonymous_70)
FNDA:0,(anonymous_71)
FNDA:0,(anonymous_72)
FNDA:0,(anonymous_73)
FNDA:0,(anonymous_74)
FNDA:0,(anonymous_75)
FNDA:2,getMonitorManager
FNDA:2,laterAdd
FNDA:2,laterRemove
FNDA:2,cairoSetSourceColor
FNDA:3,supportsExtendedBarriers
FNDA:2,addActor
FNDA:8,(anonymous_82)
FNDA:3,(anonymous_83)
FNDA:5,computeAvailableIconSizes
FNDA:32,(anonymous_85)
FNDA:11,magnificationFalloff
FNDA:5,magnificationScale
DA:22,2
DA:24,2
DA:26,2
DA:28,2
DA:29,0
DA:31,2
DA:36,2
DA:42,2
DA:44,0
DA:48,34
DA:50,34
DA:51,5
DA:52,1
DA:54,4
DA:56,4
DA:57,4
DA:65,28
DA:69,35
DA:70,27
DA:74,34
DA:75,34
DA:77,34
DA:81,2
DA:82,2
DA:86,2
DA:87,2
DA:91,36
DA:92,1
DA:94,35
DA:95,53
DA:96,9
DA:98,35
DA:99,29
DA:102,35
DA:103,36
DA:104,1
DA:105,35
DA:106,35
DA:107,35
DA:109,4
DA:115,33
DA:116,33
DA:120,3
DA:124,3
DA:128,0
DA:129,0
DA:130,0
DA:131,0
DA:132,0
DA:133,0
DA:147,0
DA:156,0
DA:165,0
DA:174,0
DA:178,0
DA:179,0
DA:181,0
DA:182,0
DA:184,0
DA:193,29
DA:194,1
DA:196,28
DA:197,28
DA:199,28
DA:200,1
DA:205,27
DA:206,27
DA:208,27
DA:209,3
DA:210,3
DA:211,2
DA:212,2
DA:215,27
DA:217,27
DA:218,2
DA:219,2
DA:220,1
DA:223,27
DA:227,2
DA:228,2
DA:229,5
DA:230,1
DA:231,4
DA:232,4
DA:237,27
DA:238,27
DA:242,2
DA:244,2
DA:245,1
DA:249,2
DA:251,2
DA:252,1
DA:264,7
DA:266,7
DA:267,7
DA:268,7
DA:270,7
DA:275,26
DA:276,26
DA:277,12
DA:278,26
DA:287,17
DA:288,5
DA:291,17
DA:292,17
DA:293,17
DA:294,17
DA:296,17
DA:297,7
DA:298,7
DA:299,7
DA:300,10
DA:301,3
DA:302,3
DA:303,3
DA:304,7
DA:305,1
DA:306,1
DA:307,1
DA:308,6
DA:309,2
DA:310,2
DA:311,2
DA:312,4
DA:313,3
DA:314,3
DA:315,3
DA:317,1
DA:318,1
DA:319,1
DA:322,17
DA:335,10
DA:336,1
DA:340,10
DA:341,10
DA:342,10
DA:344,10
DA:345,3
DA:346,7
DA:347,2
DA:348,5
DA:349,2
DA:351,3
DA:353,10
DA:354,10
DA:355,10
DA:356,9
DA:358,1
DA:360,10
DA:374,3
DA:376,3
DA:377,1
DA:379,2
DA:380,1
DA:382,2
DA:386,2
DA:387,2
DA:397,0
DA:398,0
DA:399,0
DA:400,0
DA:401,0
DA:405,0
DA:406,0
DA:407,0
DA:411,0
DA:413,0
DA:414,0
DA:416,0
DA:419,0
DA:425,0
DA:426,0
DA:428,0
DA:438,3
DA:439,3
DA:443,3
DA:444,1
DA:446,2
DA:447,2
DA:450,2
DA:455,2
DA:459,2
DA:460,2
DA:461,1
DA:463,1
DA:471,7
DA:472,7
DA:473,4
DA:474,1
DA:475,3
DA:476,1
DA:478,5
DA:485,5
DA:486,5
DA:487,4
DA:488,1
DA:489,3
DA:490,1
DA:492,3
DA:507,10
DA:508,1
DA:509,1
DA:512,10
DA:514,10
DA:515,10
DA:517,10
DA:518,10
DA:519,10
DA:520,3
DA:522,7
DA:523,10
DA:524,10
DA:525,3
DA:527,7
DA:528,10
DA:530,10
DA:531,3
DA:532,3
DA:534,10
DA:535,3
DA:536,10
DA:548,8
DA:549,1
DA:551,7
DA:552,7
DA:553,7
DA:554,7
DA:555,14
DA:556,14
DA:557,12
DA:558,12
DA:559,12
DA:560,7
DA:569,3
DA:570,3
DA:571,3
DA:572,3
DA:574,3
DA:575,3
DA:576,4
DA:577,4
DA:578,2
DA:582,3
DA:592,15
DA:593,2
DA:594,1
DA:595,1
DA:598,13
DA:599,13
DA:601,26
DA:602,13
DA:603,13
DA:604,4
DA:605,2
DA:606,2
DA:609,9
DA:610,8
DA:611,1
DA:612,7
DA:613,1
DA:615,6
DA:616,12
DA:617,6
DA:620,1
DA:630,9
DA:631,9
DA:632,9
DA:634,9
DA:635,1
DA:636,8
DA:637,1
DA:639,7
DA:640,7
DA:642,7
DA:643,2
DA:644,5
DA:645,1
DA:647,4
DA:650,2
DA:660,0
DA:661,0
DA:663,0
DA:665,0
DA:666,0
DA:667,0
DA:670,0
DA:674,0
DA:675,0
DA:677,0
DA:678,0
DA:680,0
DA:681,0
DA:682,0
DA:683,0
DA:689,0
DA:690,0
DA:691,0
DA:696,0
DA:700,0
DA:701,0
DA:702,0
DA:704,0
DA:705,0
DA:713,2
DA:721,2
DA:729,2
DA:730,1
DA:732,1
DA:747,2
DA:748,1
DA:750,1
DA:762,3
DA:763,1
DA:764,2
DA:768,2
DA:769,1
DA:771,1
DA:774,8
DA:775,3
DA:777,2
DA:780,5
DA:781,5
DA:782,5
DA:783,1
DA:784,32
DA:785,4
DA:786,4
DA:790,11
DA:791,1
DA:792,10
DA:793,10
DA:797,5
DA:798,5
LF:333
LH:276
BRDA:50,0,0,5
BRDA:50,0,1,29
BRDA:51,1,0,1
BRDA:51,1,1,4
BRDA:54,2,0,4
BRDA:54,2,1,0
BRDA:54,3,0,4
BRDA:54,3,1,0
BRDA:91,4,0,1
BRDA:91,4,1,35
BRDA:95,5,0,9
BRDA:95,5,1,26
BRDA:98,6,0,29
BRDA:98,6,1,6
BRDA:103,7,0,1
BRDA:103,7,1,35
BRDA:120,8,0,3
BRDA:120,8,1,1
BRDA:124,9,0,3
BRDA:124,9,1,1
BRDA:130,10,0,0
BRDA:130,10,1,0
BRDA:178,11,0,0
BRDA:178,11,1,0
BRDA:181,12,0,0
BRDA:181,12,1,0
BRDA:192,13,0,28
BRDA:193,14,0,1
BRDA:193,14,1,28
BRDA:197,15,0,1
BRDA:197,15,1,27
BRDA:199,16,0,1
BRDA:199,16,1,27
BRDA:201,17,0,0
BRDA:201,17,1,1
BRDA:208,18,0,3
BRDA:208,18,1,24
BRDA:208,19,0,27
BRDA:208,19,1,5
BRDA:217,20,0,2
BRDA:217,20,1,25
BRDA:217,21,0,27
BRDA:217,21,1,5
BRDA:229,22,0,1
BRDA:229,22,1,4
BRDA:244,23,0,1
BRDA:244,23,1,1
BRDA:251,24,0,1
BRDA:251,24,1,1
BRDA:287,25,0,5
BRDA:287,25,1,12
BRDA:296,26,0,7
BRDA:296,26,1,10
BRDA:300,27,0,3
BRDA:300,27,1,7
BRDA:304,28,0,1
BRDA:304,28,1,6
BRDA:308,29,0,2
BRDA:308,29,1,4
BRDA:312,30,0,3
BRDA:312,30,1,1
BRDA:335,31,0,1
BRDA:335,31,1,9
BRDA:344,32,0,3
BRDA:344,32,1,7
BRDA:346,33,0,2
BRDA:346,33,1,5
BRDA:348,34,0,2
BRDA:348,34,1,3
BRDA:355,35,0,9
BRDA:355,35,1,1
BRDA:376,36,0,1
BRDA:376,36,1,2
BRDA:398,37,0,0
BRDA:398,37,1,0
BRDA:425,38,0,0
BRDA:425,38,1,0
BRDA:425,39,0,0
BRDA:425,39,1,0
BRDA:443,40,0,1
BRDA:443,40,1,2
BRDA:443,41,0,3
BRDA:443,41,1,2
BRDA:447,42,0,2
BRDA:447,42,1,1
BRDA:460,43,0,1
BRDA:460,43,1,1
BRDA:472,44,0,4
BRDA:472,44,1,3
BRDA:473,45,0,1
BRDA:473,45,1,3
BRDA:475,46,0,1
BRDA:475,46,1,2
BRDA:486,47,0,4
BRDA:486,47,1,1
BRDA:487,48,0,1
BRDA:487,48,1,3
BRDA:489,49,0,1
BRDA:489,49,1,2
BRDA:507,50,0,1
BRDA:507,50,1,9
BRDA:514,51,0,3
BRDA:514,51,1,7
BRDA:515,52,0,3
BRDA:515,52,1,7
BRDA:519,53,0,3
BRDA:519,53,1,7
BRDA:524,54,0,3
BRDA:524,54,1,7
BRDA:530,55,0,3
BRDA:530,55,1,7
BRDA:534,56,0,3
BRDA:534,56,1,7
BRDA:548,57,0,1
BRDA:548,57,1,7
BRDA:559,58,0,7
BRDA:559,58,1,5
BRDA:577,59,0,2
BRDA:577,59,1,2
BRDA:592,60,0,2
BRDA:592,60,1,13
BRDA:593,61,0,1
BRDA:593,61,1,1
BRDA:603,62,0,4
BRDA:603,62,1,9
BRDA:604,63,0,2
BRDA:604,63,1,2
BRDA:609,64,0,8
BRDA:609,64,1,1
BRDA:610,65,0,1
BRDA:610,65,1,7
BRDA:610,66,0,8
BRDA:610,66,1,6
BRDA:612,67,0,1
BRDA:612,67,1,6
BRDA:612,68,0,7
BRDA:612,68,1,2
BRDA:634,69,0,1
BRDA:634,69,1,8
BRDA:634,70,0,9
BRDA:634,70,1,6
BRDA:636,71,0,1
BRDA:636,71,1,7
BRDA:636,72,0,8
BRDA:636,72,1,3
BRDA:642,73,0,2
BRDA:642,73,1,5
BRDA:642,74,0,7
BRDA:642,74,1,5
BRDA:644,75,0,1
BRDA:644,75,1,4
BRDA:644,76,0,5
BRDA:644,76,1,2
BRDA:660,77,0,0
BRDA:660,77,1,0
BRDA:660,78,0,0
BRDA:660,78,1,0
BRDA:665,79,0,0
BRDA:665,79,1,0
BRDA:677,80,0,0
BRDA:677,80,1,0
BRDA:689,81,0,0
BRDA:689,81,1,0
BRDA:689,82,0,0
BRDA:689,82,1,0
BRDA:700,83,0,0
BRDA:700,83,1,0
BRDA:713,84,0,2
BRDA:713,84,1,1
BRDA:721,85,0,2
BRDA:721,85,1,1
BRDA:729,86,0,1
BRDA:729,86,1,1
BRDA:747,87,0,1
BRDA:747,87,1,1
BRDA:762,88,0,1
BRDA:762,88,1,2
BRDA:768,89,0,1
BRDA:768,89,1,1
BRDA:782,90,0,1
BRDA:782,90,1,4
BRDA:790,91,0,1
BRDA:790,91,1,10
BRF:183
BRH:154
end_of_record
